/work2/08834/tg881334/stampede2/ABCD_preproc/IMP_ABCD_preproc
/opt/freesurfer-dev/bin/mri_nu_correct.mni
--i /tmp/data/sub-140989/mprage.nii.gz --o /tmp/sub-140989/work/mprage.nu.nii.gz --n 2
nIters 2
mri_nu_correct.mni -local
Linux c460-228.stampede2.tacc.utexas.edu 3.10.0-1160.53.1.el7.x86_64 #1 SMP Fri Jan 14 13:59:45 UTC 2022 x86_64 x86_64 x86_64 GNU/Linux
Fri Nov 25 19:29:00 CST 2022
tmpdir is /tmp/sub-140989/work/tmp.mri_nu_correct.mni.158131
Program nu_correct, built from:
Package MNI N3, version 1.12.0, compiled by nicks@terrier (x86_64-unknown-linux-gnu) on 2015-06-19 at 01:25:34
ERROR: ld.so: object '/opt/apps/xalt/xalt/lib64/libxalt_init.so' from LD_PRELOAD cannot be preloaded (cannot open shared object file): ignored.
/work2/08834/tg881334/stampede2/ABCD_preproc/IMP_ABCD_preproc
mri_convert /tmp/data/sub-140989/mprage.nii.gz /tmp/sub-140989/work/tmp.mri_nu_correct.mni.158131/nu0.mnc -odt float
ERROR: ld.so: object '/opt/apps/xalt/xalt/lib64/libxalt_init.so' from LD_PRELOAD cannot be preloaded (cannot open shared object file): ignored.
setting env variable FS_dcmGetDWIParamsSiemens_VoxelSpace=1
mri_convert /tmp/data/sub-140989/mprage.nii.gz /tmp/sub-140989/work/tmp.mri_nu_correct.mni.158131/nu0.mnc -odt float 
reading from /tmp/data/sub-140989/mprage.nii.gz...
TR=7.95, TE=0.00, TI=0.00, flip angle=0.00
i_ras = (0.990869, 0.118075, 0.0650956)
j_ras = (-0.117801, 0.993005, -0.0079958)
k_ras = (-0.0655843, 0.000254463, 0.997847)
changing data type from short to float (noscale = 0)...
writing to /tmp/sub-140989/work/tmp.mri_nu_correct.mni.158131/nu0.mnc...
 
--------------------------------------------------------
Iteration 1 Fri Nov 25 19:29:03 CST 2022
nu_correct -clobber /tmp/sub-140989/work/tmp.mri_nu_correct.mni.158131/nu0.mnc /tmp/sub-140989/work/tmp.mri_nu_correct.mni.158131/nu1.mnc -tmpdir /tmp/sub-140989/work/tmp.mri_nu_correct.mni.158131/0/
ERROR: ld.so: object '/opt/apps/xalt/xalt/lib64/libxalt_init.so' from LD_PRELOAD cannot be preloaded (cannot open shared object file): ignored.
perl: warning: Setting locale failed.
perl: warning: Please check that your locale settings:
	LANGUAGE = (unset),
	LC_ALL = (unset),
	LANG = "en_US.UTF-8"
    are supported and installed on your system.
perl: warning: Falling back to the standard locale ("C").
ERROR: ld.so: object '/opt/apps/xalt/xalt/lib64/libxalt_init.so' from LD_PRELOAD cannot be preloaded (cannot open shared object file): ignored.
perl: warning: Setting locale failed.
perl: warning: Please check that your locale settings:
	LANGUAGE = (unset),
	LC_ALL = (unset),
	LANG = "en_US.UTF-8"
    are supported and installed on your system.
perl: warning: Falling back to the standard locale ("C").
[tg881334@c460-228.stampede2.tacc.utexas.edu:/work2/08834/tg881334/stampede2/ABCD_preproc/IMP_ABCD_preproc/] [2022-11-25 19:29:03] running:
  /opt/freesurfer-pkg/mni/current/bin/nu_estimate_np_and_em -parzen -log -sharpen 0.15 0.01 -iterations 50 -stop 0.001 -shrink 4 -auto_mask -nonotify -b_spline 1.0e-7 -distance 200 -quiet -execute -clobber -nokeeptmp -tmpdir /tmp/sub-140989/work/tmp.mri_nu_correct.mni.158131/0/ /tmp/sub-140989/work/tmp.mri_nu_correct.mni.158131/nu0.mnc /tmp/sub-140989/work/tmp.mri_nu_correct.mni.158131/nu1.imp

ERROR: ld.so: object '/opt/apps/xalt/xalt/lib64/libxalt_init.so' from LD_PRELOAD cannot be preloaded (cannot open shared object file): ignored.
ERROR: ld.so: object '/opt/apps/xalt/xalt/lib64/libxalt_init.so' from LD_PRELOAD cannot be preloaded (cannot open shared object file): ignored.
ERROR: ld.so: object '/opt/apps/xalt/xalt/lib64/libxalt_init.so' from LD_PRELOAD cannot be preloaded (cannot open shared object file): ignored.
ERROR: ld.so: object '/opt/apps/xalt/xalt/lib64/libxalt_init.so' from LD_PRELOAD cannot be preloaded (cannot open shared object file): ignored.
ERROR: ld.so: object '/opt/apps/xalt/xalt/lib64/libxalt_init.so' from LD_PRELOAD cannot be preloaded (cannot open shared object file): ignored.
ERROR: ld.so: object '/opt/apps/xalt/xalt/lib64/libxalt_init.so' from LD_PRELOAD cannot be preloaded (cannot open shared object file): ignored.
ERROR: ld.so: object '/opt/apps/xalt/xalt/lib64/libxalt_init.so' from LD_PRELOAD cannot be preloaded (cannot open shared object file): ignored.
ERROR: ld.so: object '/opt/apps/xalt/xalt/lib64/libxalt_init.so' from LD_PRELOAD cannot be preloaded (cannot open shared object file): ignored.
ERROR: ld.so: object '/opt/apps/xalt/xalt/lib64/libxalt_init.so' from LD_PRELOAD cannot be preloaded (cannot open shared object file): ignored.
ERROR: ld.so: object '/opt/apps/xalt/xalt/lib64/libxalt_init.so' from LD_PRELOAD cannot be preloaded (cannot open shared object file): ignored.
ERROR: ld.so: object '/opt/apps/xalt/xalt/lib64/libxalt_init.so' from LD_PRELOAD cannot be preloaded (cannot open shared object file): ignored.
ERROR: ld.so: object '/opt/apps/xalt/xalt/lib64/libxalt_init.so' from LD_PRELOAD cannot be preloaded (cannot open shared object file): ignored.
ERROR: ld.so: object '/opt/apps/xalt/xalt/lib64/libxalt_init.so' from LD_PRELOAD cannot be preloaded (cannot open shared object file): ignored.
ERROR: ld.so: object '/opt/apps/xalt/xalt/lib64/libxalt_init.so' from LD_PRELOAD cannot be preloaded (cannot open shared object file): ignored.
ERROR: ld.so: object '/opt/apps/xalt/xalt/lib64/libxalt_init.so' from LD_PRELOAD cannot be preloaded (cannot open shared object file): ignored.
ERROR: ld.so: object '/opt/apps/xalt/xalt/lib64/libxalt_init.so' from LD_PRELOAD cannot be preloaded (cannot open shared object file): ignored.
perl: warning: Setting locale failed.
perl: warning: Please check that your locale settings:
	LANGUAGE = (unset),
	LC_ALL = (unset),
	LANG = "en_US.UTF-8"
    are supported and installed on your system.
perl: warning: Falling back to the standard locale ("C").
ERROR: ld.so: object '/opt/apps/xalt/xalt/lib64/libxalt_init.so' from LD_PRELOAD cannot be preloaded (cannot open shared object file): ignored.
ERROR: ld.so: object '/opt/apps/xalt/xalt/lib64/libxalt_init.so' from LD_PRELOAD cannot be preloaded (cannot open shared object file): ignored.
ERROR: ld.so: object '/opt/apps/xalt/xalt/lib64/libxalt_init.so' from LD_PRELOAD cannot be preloaded (cannot open shared object file): ignored.
Processing:.................................................................................................................................Done
ERROR: ld.so: object '/opt/apps/xalt/xalt/lib64/libxalt_init.so' from LD_PRELOAD cannot be preloaded (cannot open shared object file): ignored.
ERROR: ld.so: object '/opt/apps/xalt/xalt/lib64/libxalt_init.so' from LD_PRELOAD cannot be preloaded (cannot open shared object file): ignored.
ERROR: ld.so: object '/opt/apps/xalt/xalt/lib64/libxalt_init.so' from LD_PRELOAD cannot be preloaded (cannot open shared object file): ignored.
ERROR: ld.so: object '/opt/apps/xalt/xalt/lib64/libxalt_init.so' from LD_PRELOAD cannot be preloaded (cannot open shared object file): ignored.
ERROR: ld.so: object '/opt/apps/xalt/xalt/lib64/libxalt_init.so' from LD_PRELOAD cannot be preloaded (cannot open shared object file): ignored.
ERROR: ld.so: object '/opt/apps/xalt/xalt/lib64/libxalt_init.so' from LD_PRELOAD cannot be preloaded (cannot open shared object file): ignored.
ERROR: ld.so: object '/opt/apps/xalt/xalt/lib64/libxalt_init.so' from LD_PRELOAD cannot be preloaded (cannot open shared object file): ignored.
ERROR: ld.so: object '/opt/apps/xalt/xalt/lib64/libxalt_init.so' from LD_PRELOAD cannot be preloaded (cannot open shared object file): ignored.
ERROR: ld.so: object '/opt/apps/xalt/xalt/lib64/libxalt_init.so' from LD_PRELOAD cannot be preloaded (cannot open shared object file): ignored.
perl: warning: Setting locale failed.
perl: warning: Please check that your locale settings:
	LANGUAGE = (unset),
	LC_ALL = (unset),
	LANG = "en_US.UTF-8"
    are supported and installed on your system.
perl: warning: Falling back to the standard locale ("C").
ERROR: ld.so: object '/opt/apps/xalt/xalt/lib64/libxalt_init.so' from LD_PRELOAD cannot be preloaded (cannot open shared object file): ignored.
ERROR: ld.so: object '/opt/apps/xalt/xalt/lib64/libxalt_init.so' from LD_PRELOAD cannot be preloaded (cannot open shared object file): ignored.
ERROR: ld.so: object '/opt/apps/xalt/xalt/lib64/libxalt_init.so' from LD_PRELOAD cannot be preloaded (cannot open shared object file): ignored.
Processing:.................................................................................................................................Done
ERROR: ld.so: object '/opt/apps/xalt/xalt/lib64/libxalt_init.so' from LD_PRELOAD cannot be preloaded (cannot open shared object file): ignored.
ERROR: ld.so: object '/opt/apps/xalt/xalt/lib64/libxalt_init.so' from LD_PRELOAD cannot be preloaded (cannot open shared object file): ignored.
ERROR: ld.so: object '/opt/apps/xalt/xalt/lib64/libxalt_init.so' from LD_PRELOAD cannot be preloaded (cannot open shared object file): ignored.
ERROR: ld.so: object '/opt/apps/xalt/xalt/lib64/libxalt_init.so' from LD_PRELOAD cannot be preloaded (cannot open shared object file): ignored.
ERROR: ld.so: object '/opt/apps/xalt/xalt/lib64/libxalt_init.so' from LD_PRELOAD cannot be preloaded (cannot open shared object file): ignored.
ERROR: ld.so: object '/opt/apps/xalt/xalt/lib64/libxalt_init.so' from LD_PRELOAD cannot be preloaded (cannot open shared object file): ignored.
ERROR: ld.so: object '/opt/apps/xalt/xalt/lib64/libxalt_init.so' from LD_PRELOAD cannot be preloaded (cannot open shared object file): ignored.
ERROR: ld.so: object '/opt/apps/xalt/xalt/lib64/libxalt_init.so' from LD_PRELOAD cannot be preloaded (cannot open shared object file): ignored.
ERROR: ld.so: object '/opt/apps/xalt/xalt/lib64/libxalt_init.so' from LD_PRELOAD cannot be preloaded (cannot open shared object file): ignored.
perl: warning: Setting locale failed.
perl: warning: Please check that your locale settings:
	LANGUAGE = (unset),
	LC_ALL = (unset),
	LANG = "en_US.UTF-8"
    are supported and installed on your system.
perl: warning: Falling back to the standard locale ("C").
ERROR: ld.so: object '/opt/apps/xalt/xalt/lib64/libxalt_init.so' from LD_PRELOAD cannot be preloaded (cannot open shared object file): ignored.
ERROR: ld.so: object '/opt/apps/xalt/xalt/lib64/libxalt_init.so' from LD_PRELOAD cannot be preloaded (cannot open shared object file): ignored.
ERROR: ld.so: object '/opt/apps/xalt/xalt/lib64/libxalt_init.so' from LD_PRELOAD cannot be preloaded (cannot open shared object file): ignored.
Processing:.................................................................................................................................Done
ERROR: ld.so: object '/opt/apps/xalt/xalt/lib64/libxalt_init.so' from LD_PRELOAD cannot be preloaded (cannot open shared object file): ignored.
ERROR: ld.so: object '/opt/apps/xalt/xalt/lib64/libxalt_init.so' from LD_PRELOAD cannot be preloaded (cannot open shared object file): ignored.
ERROR: ld.so: object '/opt/apps/xalt/xalt/lib64/libxalt_init.so' from LD_PRELOAD cannot be preloaded (cannot open shared object file): ignored.
ERROR: ld.so: object '/opt/apps/xalt/xalt/lib64/libxalt_init.so' from LD_PRELOAD cannot be preloaded (cannot open shared object file): ignored.
ERROR: ld.so: object '/opt/apps/xalt/xalt/lib64/libxalt_init.so' from LD_PRELOAD cannot be preloaded (cannot open shared object file): ignored.
ERROR: ld.so: object '/opt/apps/xalt/xalt/lib64/libxalt_init.so' from LD_PRELOAD cannot be preloaded (cannot open shared object file): ignored.
ERROR: ld.so: object '/opt/apps/xalt/xalt/lib64/libxalt_init.so' from LD_PRELOAD cannot be preloaded (cannot open shared object file): ignored.
ERROR: ld.so: object '/opt/apps/xalt/xalt/lib64/libxalt_init.so' from LD_PRELOAD cannot be preloaded (cannot open shared object file): ignored.
ERROR: ld.so: object '/opt/apps/xalt/xalt/lib64/libxalt_init.so' from LD_PRELOAD cannot be preloaded (cannot open shared object file): ignored.
perl: warning: Setting locale failed.
perl: warning: Please check that your locale settings:
	LANGUAGE = (unset),
	LC_ALL = (unset),
	LANG = "en_US.UTF-8"
    are supported and installed on your system.
perl: warning: Falling back to the standard locale ("C").
ERROR: ld.so: object '/opt/apps/xalt/xalt/lib64/libxalt_init.so' from LD_PRELOAD cannot be preloaded (cannot open shared object file): ignored.
ERROR: ld.so: object '/opt/apps/xalt/xalt/lib64/libxalt_init.so' from LD_PRELOAD cannot be preloaded (cannot open shared object file): ignored.
ERROR: ld.so: object '/opt/apps/xalt/xalt/lib64/libxalt_init.so' from LD_PRELOAD cannot be preloaded (cannot open shared object file): ignored.
Processing:.................................................................................................................................Done
ERROR: ld.so: object '/opt/apps/xalt/xalt/lib64/libxalt_init.so' from LD_PRELOAD cannot be preloaded (cannot open shared object file): ignored.
ERROR: ld.so: object '/opt/apps/xalt/xalt/lib64/libxalt_init.so' from LD_PRELOAD cannot be preloaded (cannot open shared object file): ignored.
ERROR: ld.so: object '/opt/apps/xalt/xalt/lib64/libxalt_init.so' from LD_PRELOAD cannot be preloaded (cannot open shared object file): ignored.
ERROR: ld.so: object '/opt/apps/xalt/xalt/lib64/libxalt_init.so' from LD_PRELOAD cannot be preloaded (cannot open shared object file): ignored.
ERROR: ld.so: object '/opt/apps/xalt/xalt/lib64/libxalt_init.so' from LD_PRELOAD cannot be preloaded (cannot open shared object file): ignored.
ERROR: ld.so: object '/opt/apps/xalt/xalt/lib64/libxalt_init.so' from LD_PRELOAD cannot be preloaded (cannot open shared object file): ignored.
ERROR: ld.so: object '/opt/apps/xalt/xalt/lib64/libxalt_init.so' from LD_PRELOAD cannot be preloaded (cannot open shared object file): ignored.
ERROR: ld.so: object '/opt/apps/xalt/xalt/lib64/libxalt_init.so' from LD_PRELOAD cannot be preloaded (cannot open shared object file): ignored.
ERROR: ld.so: object '/opt/apps/xalt/xalt/lib64/libxalt_init.so' from LD_PRELOAD cannot be preloaded (cannot open shared object file): ignored.
perl: warning: Setting locale failed.
perl: warning: Please check that your locale settings:
	LANGUAGE = (unset),
	LC_ALL = (unset),
	LANG = "en_US.UTF-8"
    are supported and installed on your system.
perl: warning: Falling back to the standard locale ("C").
ERROR: ld.so: object '/opt/apps/xalt/xalt/lib64/libxalt_init.so' from LD_PRELOAD cannot be preloaded (cannot open shared object file): ignored.
ERROR: ld.so: object '/opt/apps/xalt/xalt/lib64/libxalt_init.so' from LD_PRELOAD cannot be preloaded (cannot open shared object file): ignored.
ERROR: ld.so: object '/opt/apps/xalt/xalt/lib64/libxalt_init.so' from LD_PRELOAD cannot be preloaded (cannot open shared object file): ignored.
Processing:.................................................................................................................................Done
ERROR: ld.so: object '/opt/apps/xalt/xalt/lib64/libxalt_init.so' from LD_PRELOAD cannot be preloaded (cannot open shared object file): ignored.
ERROR: ld.so: object '/opt/apps/xalt/xalt/lib64/libxalt_init.so' from LD_PRELOAD cannot be preloaded (cannot open shared object file): ignored.
ERROR: ld.so: object '/opt/apps/xalt/xalt/lib64/libxalt_init.so' from LD_PRELOAD cannot be preloaded (cannot open shared object file): ignored.
ERROR: ld.so: object '/opt/apps/xalt/xalt/lib64/libxalt_init.so' from LD_PRELOAD cannot be preloaded (cannot open shared object file): ignored.
ERROR: ld.so: object '/opt/apps/xalt/xalt/lib64/libxalt_init.so' from LD_PRELOAD cannot be preloaded (cannot open shared object file): ignored.
ERROR: ld.so: object '/opt/apps/xalt/xalt/lib64/libxalt_init.so' from LD_PRELOAD cannot be preloaded (cannot open shared object file): ignored.
ERROR: ld.so: object '/opt/apps/xalt/xalt/lib64/libxalt_init.so' from LD_PRELOAD cannot be preloaded (cannot open shared object file): ignored.
ERROR: ld.so: object '/opt/apps/xalt/xalt/lib64/libxalt_init.so' from LD_PRELOAD cannot be preloaded (cannot open shared object file): ignored.
ERROR: ld.so: object '/opt/apps/xalt/xalt/lib64/libxalt_init.so' from LD_PRELOAD cannot be preloaded (cannot open shared object file): ignored.
perl: warning: Setting locale failed.
perl: warning: Please check that your locale settings:
	LANGUAGE = (unset),
	LC_ALL = (unset),
	LANG = "en_US.UTF-8"
    are supported and installed on your system.
perl: warning: Falling back to the standard locale ("C").
ERROR: ld.so: object '/opt/apps/xalt/xalt/lib64/libxalt_init.so' from LD_PRELOAD cannot be preloaded (cannot open shared object file): ignored.
ERROR: ld.so: object '/opt/apps/xalt/xalt/lib64/libxalt_init.so' from LD_PRELOAD cannot be preloaded (cannot open shared object file): ignored.
ERROR: ld.so: object '/opt/apps/xalt/xalt/lib64/libxalt_init.so' from LD_PRELOAD cannot be preloaded (cannot open shared object file): ignored.
Processing:.................................................................................................................................Done
ERROR: ld.so: object '/opt/apps/xalt/xalt/lib64/libxalt_init.so' from LD_PRELOAD cannot be preloaded (cannot open shared object file): ignored.
ERROR: ld.so: object '/opt/apps/xalt/xalt/lib64/libxalt_init.so' from LD_PRELOAD cannot be preloaded (cannot open shared object file): ignored.
ERROR: ld.so: object '/opt/apps/xalt/xalt/lib64/libxalt_init.so' from LD_PRELOAD cannot be preloaded (cannot open shared object file): ignored.
ERROR: ld.so: object '/opt/apps/xalt/xalt/lib64/libxalt_init.so' from LD_PRELOAD cannot be preloaded (cannot open shared object file): ignored.
ERROR: ld.so: object '/opt/apps/xalt/xalt/lib64/libxalt_init.so' from LD_PRELOAD cannot be preloaded (cannot open shared object file): ignored.
ERROR: ld.so: object '/opt/apps/xalt/xalt/lib64/libxalt_init.so' from LD_PRELOAD cannot be preloaded (cannot open shared object file): ignored.
ERROR: ld.so: object '/opt/apps/xalt/xalt/lib64/libxalt_init.so' from LD_PRELOAD cannot be preloaded (cannot open shared object file): ignored.
ERROR: ld.so: object '/opt/apps/xalt/xalt/lib64/libxalt_init.so' from LD_PRELOAD cannot be preloaded (cannot open shared object file): ignored.
ERROR: ld.so: object '/opt/apps/xalt/xalt/lib64/libxalt_init.so' from LD_PRELOAD cannot be preloaded (cannot open shared object file): ignored.
perl: warning: Setting locale failed.
perl: warning: Please check that your locale settings:
	LANGUAGE = (unset),
	LC_ALL = (unset),
	LANG = "en_US.UTF-8"
    are supported and installed on your system.
perl: warning: Falling back to the standard locale ("C").
ERROR: ld.so: object '/opt/apps/xalt/xalt/lib64/libxalt_init.so' from LD_PRELOAD cannot be preloaded (cannot open shared object file): ignored.
ERROR: ld.so: object '/opt/apps/xalt/xalt/lib64/libxalt_init.so' from LD_PRELOAD cannot be preloaded (cannot open shared object file): ignored.
ERROR: ld.so: object '/opt/apps/xalt/xalt/lib64/libxalt_init.so' from LD_PRELOAD cannot be preloaded (cannot open shared object file): ignored.
Processing:.................................................................................................................................Done
ERROR: ld.so: object '/opt/apps/xalt/xalt/lib64/libxalt_init.so' from LD_PRELOAD cannot be preloaded (cannot open shared object file): ignored.
ERROR: ld.so: object '/opt/apps/xalt/xalt/lib64/libxalt_init.so' from LD_PRELOAD cannot be preloaded (cannot open shared object file): ignored.
ERROR: ld.so: object '/opt/apps/xalt/xalt/lib64/libxalt_init.so' from LD_PRELOAD cannot be preloaded (cannot open shared object file): ignored.
ERROR: ld.so: object '/opt/apps/xalt/xalt/lib64/libxalt_init.so' from LD_PRELOAD cannot be preloaded (cannot open shared object file): ignored.
ERROR: ld.so: object '/opt/apps/xalt/xalt/lib64/libxalt_init.so' from LD_PRELOAD cannot be preloaded (cannot open shared object file): ignored.
ERROR: ld.so: object '/opt/apps/xalt/xalt/lib64/libxalt_init.so' from LD_PRELOAD cannot be preloaded (cannot open shared object file): ignored.
ERROR: ld.so: object '/opt/apps/xalt/xalt/lib64/libxalt_init.so' from LD_PRELOAD cannot be preloaded (cannot open shared object file): ignored.
ERROR: ld.so: object '/opt/apps/xalt/xalt/lib64/libxalt_init.so' from LD_PRELOAD cannot be preloaded (cannot open shared object file): ignored.
ERROR: ld.so: object '/opt/apps/xalt/xalt/lib64/libxalt_init.so' from LD_PRELOAD cannot be preloaded (cannot open shared object file): ignored.
perl: warning: Setting locale failed.
perl: warning: Please check that your locale settings:
	LANGUAGE = (unset),
	LC_ALL = (unset),
	LANG = "en_US.UTF-8"
    are supported and installed on your system.
perl: warning: Falling back to the standard locale ("C").
ERROR: ld.so: object '/opt/apps/xalt/xalt/lib64/libxalt_init.so' from LD_PRELOAD cannot be preloaded (cannot open shared object file): ignored.
ERROR: ld.so: object '/opt/apps/xalt/xalt/lib64/libxalt_init.so' from LD_PRELOAD cannot be preloaded (cannot open shared object file): ignored.
ERROR: ld.so: object '/opt/apps/xalt/xalt/lib64/libxalt_init.so' from LD_PRELOAD cannot be preloaded (cannot open shared object file): ignored.
Processing:.................................................................................................................................Done
ERROR: ld.so: object '/opt/apps/xalt/xalt/lib64/libxalt_init.so' from LD_PRELOAD cannot be preloaded (cannot open shared object file): ignored.
ERROR: ld.so: object '/opt/apps/xalt/xalt/lib64/libxalt_init.so' from LD_PRELOAD cannot be preloaded (cannot open shared object file): ignored.
ERROR: ld.so: object '/opt/apps/xalt/xalt/lib64/libxalt_init.so' from LD_PRELOAD cannot be preloaded (cannot open shared object file): ignored.
ERROR: ld.so: object '/opt/apps/xalt/xalt/lib64/libxalt_init.so' from LD_PRELOAD cannot be preloaded (cannot open shared object file): ignored.
ERROR: ld.so: object '/opt/apps/xalt/xalt/lib64/libxalt_init.so' from LD_PRELOAD cannot be preloaded (cannot open shared object file): ignored.
ERROR: ld.so: object '/opt/apps/xalt/xalt/lib64/libxalt_init.so' from LD_PRELOAD cannot be preloaded (cannot open shared object file): ignored.
ERROR: ld.so: object '/opt/apps/xalt/xalt/lib64/libxalt_init.so' from LD_PRELOAD cannot be preloaded (cannot open shared object file): ignored.
ERROR: ld.so: object '/opt/apps/xalt/xalt/lib64/libxalt_init.so' from LD_PRELOAD cannot be preloaded (cannot open shared object file): ignored.
ERROR: ld.so: object '/opt/apps/xalt/xalt/lib64/libxalt_init.so' from LD_PRELOAD cannot be preloaded (cannot open shared object file): ignored.
perl: warning: Setting locale failed.
perl: warning: Please check that your locale settings:
	LANGUAGE = (unset),
	LC_ALL = (unset),
	LANG = "en_US.UTF-8"
    are supported and installed on your system.
perl: warning: Falling back to the standard locale ("C").
ERROR: ld.so: object '/opt/apps/xalt/xalt/lib64/libxalt_init.so' from LD_PRELOAD cannot be preloaded (cannot open shared object file): ignored.
ERROR: ld.so: object '/opt/apps/xalt/xalt/lib64/libxalt_init.so' from LD_PRELOAD cannot be preloaded (cannot open shared object file): ignored.
ERROR: ld.so: object '/opt/apps/xalt/xalt/lib64/libxalt_init.so' from LD_PRELOAD cannot be preloaded (cannot open shared object file): ignored.
Processing:.................................................................................................................................Done
ERROR: ld.so: object '/opt/apps/xalt/xalt/lib64/libxalt_init.so' from LD_PRELOAD cannot be preloaded (cannot open shared object file): ignored.
ERROR: ld.so: object '/opt/apps/xalt/xalt/lib64/libxalt_init.so' from LD_PRELOAD cannot be preloaded (cannot open shared object file): ignored.
ERROR: ld.so: object '/opt/apps/xalt/xalt/lib64/libxalt_init.so' from LD_PRELOAD cannot be preloaded (cannot open shared object file): ignored.
ERROR: ld.so: object '/opt/apps/xalt/xalt/lib64/libxalt_init.so' from LD_PRELOAD cannot be preloaded (cannot open shared object file): ignored.
ERROR: ld.so: object '/opt/apps/xalt/xalt/lib64/libxalt_init.so' from LD_PRELOAD cannot be preloaded (cannot open shared object file): ignored.
ERROR: ld.so: object '/opt/apps/xalt/xalt/lib64/libxalt_init.so' from LD_PRELOAD cannot be preloaded (cannot open shared object file): ignored.
ERROR: ld.so: object '/opt/apps/xalt/xalt/lib64/libxalt_init.so' from LD_PRELOAD cannot be preloaded (cannot open shared object file): ignored.
ERROR: ld.so: object '/opt/apps/xalt/xalt/lib64/libxalt_init.so' from LD_PRELOAD cannot be preloaded (cannot open shared object file): ignored.
ERROR: ld.so: object '/opt/apps/xalt/xalt/lib64/libxalt_init.so' from LD_PRELOAD cannot be preloaded (cannot open shared object file): ignored.
perl: warning: Setting locale failed.
perl: warning: Please check that your locale settings:
	LANGUAGE = (unset),
	LC_ALL = (unset),
	LANG = "en_US.UTF-8"
    are supported and installed on your system.
perl: warning: Falling back to the standard locale ("C").
ERROR: ld.so: object '/opt/apps/xalt/xalt/lib64/libxalt_init.so' from LD_PRELOAD cannot be preloaded (cannot open shared object file): ignored.
ERROR: ld.so: object '/opt/apps/xalt/xalt/lib64/libxalt_init.so' from LD_PRELOAD cannot be preloaded (cannot open shared object file): ignored.
ERROR: ld.so: object '/opt/apps/xalt/xalt/lib64/libxalt_init.so' from LD_PRELOAD cannot be preloaded (cannot open shared object file): ignored.
Processing:.................................................................................................................................Done
ERROR: ld.so: object '/opt/apps/xalt/xalt/lib64/libxalt_init.so' from LD_PRELOAD cannot be preloaded (cannot open shared object file): ignored.
ERROR: ld.so: object '/opt/apps/xalt/xalt/lib64/libxalt_init.so' from LD_PRELOAD cannot be preloaded (cannot open shared object file): ignored.
ERROR: ld.so: object '/opt/apps/xalt/xalt/lib64/libxalt_init.so' from LD_PRELOAD cannot be preloaded (cannot open shared object file): ignored.
ERROR: ld.so: object '/opt/apps/xalt/xalt/lib64/libxalt_init.so' from LD_PRELOAD cannot be preloaded (cannot open shared object file): ignored.
ERROR: ld.so: object '/opt/apps/xalt/xalt/lib64/libxalt_init.so' from LD_PRELOAD cannot be preloaded (cannot open shared object file): ignored.
ERROR: ld.so: object '/opt/apps/xalt/xalt/lib64/libxalt_init.so' from LD_PRELOAD cannot be preloaded (cannot open shared object file): ignored.
ERROR: ld.so: object '/opt/apps/xalt/xalt/lib64/libxalt_init.so' from LD_PRELOAD cannot be preloaded (cannot open shared object file): ignored.
ERROR: ld.so: object '/opt/apps/xalt/xalt/lib64/libxalt_init.so' from LD_PRELOAD cannot be preloaded (cannot open shared object file): ignored.
ERROR: ld.so: object '/opt/apps/xalt/xalt/lib64/libxalt_init.so' from LD_PRELOAD cannot be preloaded (cannot open shared object file): ignored.
perl: warning: Setting locale failed.
perl: warning: Please check that your locale settings:
	LANGUAGE = (unset),
	LC_ALL = (unset),
	LANG = "en_US.UTF-8"
    are supported and installed on your system.
perl: warning: Falling back to the standard locale ("C").
ERROR: ld.so: object '/opt/apps/xalt/xalt/lib64/libxalt_init.so' from LD_PRELOAD cannot be preloaded (cannot open shared object file): ignored.
ERROR: ld.so: object '/opt/apps/xalt/xalt/lib64/libxalt_init.so' from LD_PRELOAD cannot be preloaded (cannot open shared object file): ignored.
ERROR: ld.so: object '/opt/apps/xalt/xalt/lib64/libxalt_init.so' from LD_PRELOAD cannot be preloaded (cannot open shared object file): ignored.
Processing:.................................................................................................................................Done
ERROR: ld.so: object '/opt/apps/xalt/xalt/lib64/libxalt_init.so' from LD_PRELOAD cannot be preloaded (cannot open shared object file): ignored.
ERROR: ld.so: object '/opt/apps/xalt/xalt/lib64/libxalt_init.so' from LD_PRELOAD cannot be preloaded (cannot open shared object file): ignored.
ERROR: ld.so: object '/opt/apps/xalt/xalt/lib64/libxalt_init.so' from LD_PRELOAD cannot be preloaded (cannot open shared object file): ignored.
ERROR: ld.so: object '/opt/apps/xalt/xalt/lib64/libxalt_init.so' from LD_PRELOAD cannot be preloaded (cannot open shared object file): ignored.
ERROR: ld.so: object '/opt/apps/xalt/xalt/lib64/libxalt_init.so' from LD_PRELOAD cannot be preloaded (cannot open shared object file): ignored.
ERROR: ld.so: object '/opt/apps/xalt/xalt/lib64/libxalt_init.so' from LD_PRELOAD cannot be preloaded (cannot open shared object file): ignored.
ERROR: ld.so: object '/opt/apps/xalt/xalt/lib64/libxalt_init.so' from LD_PRELOAD cannot be preloaded (cannot open shared object file): ignored.
ERROR: ld.so: object '/opt/apps/xalt/xalt/lib64/libxalt_init.so' from LD_PRELOAD cannot be preloaded (cannot open shared object file): ignored.
ERROR: ld.so: object '/opt/apps/xalt/xalt/lib64/libxalt_init.so' from LD_PRELOAD cannot be preloaded (cannot open shared object file): ignored.
perl: warning: Setting locale failed.
perl: warning: Please check that your locale settings:
	LANGUAGE = (unset),
	LC_ALL = (unset),
	LANG = "en_US.UTF-8"
    are supported and installed on your system.
perl: warning: Falling back to the standard locale ("C").
ERROR: ld.so: object '/opt/apps/xalt/xalt/lib64/libxalt_init.so' from LD_PRELOAD cannot be preloaded (cannot open shared object file): ignored.
ERROR: ld.so: object '/opt/apps/xalt/xalt/lib64/libxalt_init.so' from LD_PRELOAD cannot be preloaded (cannot open shared object file): ignored.
ERROR: ld.so: object '/opt/apps/xalt/xalt/lib64/libxalt_init.so' from LD_PRELOAD cannot be preloaded (cannot open shared object file): ignored.
Processing:.................................................................................................................................Done
ERROR: ld.so: object '/opt/apps/xalt/xalt/lib64/libxalt_init.so' from LD_PRELOAD cannot be preloaded (cannot open shared object file): ignored.
ERROR: ld.so: object '/opt/apps/xalt/xalt/lib64/libxalt_init.so' from LD_PRELOAD cannot be preloaded (cannot open shared object file): ignored.
ERROR: ld.so: object '/opt/apps/xalt/xalt/lib64/libxalt_init.so' from LD_PRELOAD cannot be preloaded (cannot open shared object file): ignored.
ERROR: ld.so: object '/opt/apps/xalt/xalt/lib64/libxalt_init.so' from LD_PRELOAD cannot be preloaded (cannot open shared object file): ignored.
ERROR: ld.so: object '/opt/apps/xalt/xalt/lib64/libxalt_init.so' from LD_PRELOAD cannot be preloaded (cannot open shared object file): ignored.
ERROR: ld.so: object '/opt/apps/xalt/xalt/lib64/libxalt_init.so' from LD_PRELOAD cannot be preloaded (cannot open shared object file): ignored.
ERROR: ld.so: object '/opt/apps/xalt/xalt/lib64/libxalt_init.so' from LD_PRELOAD cannot be preloaded (cannot open shared object file): ignored.
ERROR: ld.so: object '/opt/apps/xalt/xalt/lib64/libxalt_init.so' from LD_PRELOAD cannot be preloaded (cannot open shared object file): ignored.
ERROR: ld.so: object '/opt/apps/xalt/xalt/lib64/libxalt_init.so' from LD_PRELOAD cannot be preloaded (cannot open shared object file): ignored.
perl: warning: Setting locale failed.
perl: warning: Please check that your locale settings:
	LANGUAGE = (unset),
	LC_ALL = (unset),
	LANG = "en_US.UTF-8"
    are supported and installed on your system.
perl: warning: Falling back to the standard locale ("C").
ERROR: ld.so: object '/opt/apps/xalt/xalt/lib64/libxalt_init.so' from LD_PRELOAD cannot be preloaded (cannot open shared object file): ignored.
ERROR: ld.so: object '/opt/apps/xalt/xalt/lib64/libxalt_init.so' from LD_PRELOAD cannot be preloaded (cannot open shared object file): ignored.
ERROR: ld.so: object '/opt/apps/xalt/xalt/lib64/libxalt_init.so' from LD_PRELOAD cannot be preloaded (cannot open shared object file): ignored.
Processing:.................................................................................................................................Done
ERROR: ld.so: object '/opt/apps/xalt/xalt/lib64/libxalt_init.so' from LD_PRELOAD cannot be preloaded (cannot open shared object file): ignored.
ERROR: ld.so: object '/opt/apps/xalt/xalt/lib64/libxalt_init.so' from LD_PRELOAD cannot be preloaded (cannot open shared object file): ignored.
ERROR: ld.so: object '/opt/apps/xalt/xalt/lib64/libxalt_init.so' from LD_PRELOAD cannot be preloaded (cannot open shared object file): ignored.
ERROR: ld.so: object '/opt/apps/xalt/xalt/lib64/libxalt_init.so' from LD_PRELOAD cannot be preloaded (cannot open shared object file): ignored.
ERROR: ld.so: object '/opt/apps/xalt/xalt/lib64/libxalt_init.so' from LD_PRELOAD cannot be preloaded (cannot open shared object file): ignored.
ERROR: ld.so: object '/opt/apps/xalt/xalt/lib64/libxalt_init.so' from LD_PRELOAD cannot be preloaded (cannot open shared object file): ignored.
ERROR: ld.so: object '/opt/apps/xalt/xalt/lib64/libxalt_init.so' from LD_PRELOAD cannot be preloaded (cannot open shared object file): ignored.
ERROR: ld.so: object '/opt/apps/xalt/xalt/lib64/libxalt_init.so' from LD_PRELOAD cannot be preloaded (cannot open shared object file): ignored.
ERROR: ld.so: object '/opt/apps/xalt/xalt/lib64/libxalt_init.so' from LD_PRELOAD cannot be preloaded (cannot open shared object file): ignored.
perl: warning: Setting locale failed.
perl: warning: Please check that your locale settings:
	LANGUAGE = (unset),
	LC_ALL = (unset),
	LANG = "en_US.UTF-8"
    are supported and installed on your system.
perl: warning: Falling back to the standard locale ("C").
ERROR: ld.so: object '/opt/apps/xalt/xalt/lib64/libxalt_init.so' from LD_PRELOAD cannot be preloaded (cannot open shared object file): ignored.
ERROR: ld.so: object '/opt/apps/xalt/xalt/lib64/libxalt_init.so' from LD_PRELOAD cannot be preloaded (cannot open shared object file): ignored.
ERROR: ld.so: object '/opt/apps/xalt/xalt/lib64/libxalt_init.so' from LD_PRELOAD cannot be preloaded (cannot open shared object file): ignored.
Processing:.................................................................................................................................Done
ERROR: ld.so: object '/opt/apps/xalt/xalt/lib64/libxalt_init.so' from LD_PRELOAD cannot be preloaded (cannot open shared object file): ignored.
ERROR: ld.so: object '/opt/apps/xalt/xalt/lib64/libxalt_init.so' from LD_PRELOAD cannot be preloaded (cannot open shared object file): ignored.
ERROR: ld.so: object '/opt/apps/xalt/xalt/lib64/libxalt_init.so' from LD_PRELOAD cannot be preloaded (cannot open shared object file): ignored.
ERROR: ld.so: object '/opt/apps/xalt/xalt/lib64/libxalt_init.so' from LD_PRELOAD cannot be preloaded (cannot open shared object file): ignored.
ERROR: ld.so: object '/opt/apps/xalt/xalt/lib64/libxalt_init.so' from LD_PRELOAD cannot be preloaded (cannot open shared object file): ignored.
ERROR: ld.so: object '/opt/apps/xalt/xalt/lib64/libxalt_init.so' from LD_PRELOAD cannot be preloaded (cannot open shared object file): ignored.
ERROR: ld.so: object '/opt/apps/xalt/xalt/lib64/libxalt_init.so' from LD_PRELOAD cannot be preloaded (cannot open shared object file): ignored.
ERROR: ld.so: object '/opt/apps/xalt/xalt/lib64/libxalt_init.so' from LD_PRELOAD cannot be preloaded (cannot open shared object file): ignored.
ERROR: ld.so: object '/opt/apps/xalt/xalt/lib64/libxalt_init.so' from LD_PRELOAD cannot be preloaded (cannot open shared object file): ignored.
perl: warning: Setting locale failed.
perl: warning: Please check that your locale settings:
	LANGUAGE = (unset),
	LC_ALL = (unset),
	LANG = "en_US.UTF-8"
    are supported and installed on your system.
perl: warning: Falling back to the standard locale ("C").
ERROR: ld.so: object '/opt/apps/xalt/xalt/lib64/libxalt_init.so' from LD_PRELOAD cannot be preloaded (cannot open shared object file): ignored.
ERROR: ld.so: object '/opt/apps/xalt/xalt/lib64/libxalt_init.so' from LD_PRELOAD cannot be preloaded (cannot open shared object file): ignored.
ERROR: ld.so: object '/opt/apps/xalt/xalt/lib64/libxalt_init.so' from LD_PRELOAD cannot be preloaded (cannot open shared object file): ignored.
Processing:.................................................................................................................................Done
ERROR: ld.so: object '/opt/apps/xalt/xalt/lib64/libxalt_init.so' from LD_PRELOAD cannot be preloaded (cannot open shared object file): ignored.
ERROR: ld.so: object '/opt/apps/xalt/xalt/lib64/libxalt_init.so' from LD_PRELOAD cannot be preloaded (cannot open shared object file): ignored.
ERROR: ld.so: object '/opt/apps/xalt/xalt/lib64/libxalt_init.so' from LD_PRELOAD cannot be preloaded (cannot open shared object file): ignored.
ERROR: ld.so: object '/opt/apps/xalt/xalt/lib64/libxalt_init.so' from LD_PRELOAD cannot be preloaded (cannot open shared object file): ignored.
ERROR: ld.so: object '/opt/apps/xalt/xalt/lib64/libxalt_init.so' from LD_PRELOAD cannot be preloaded (cannot open shared object file): ignored.
ERROR: ld.so: object '/opt/apps/xalt/xalt/lib64/libxalt_init.so' from LD_PRELOAD cannot be preloaded (cannot open shared object file): ignored.
ERROR: ld.so: object '/opt/apps/xalt/xalt/lib64/libxalt_init.so' from LD_PRELOAD cannot be preloaded (cannot open shared object file): ignored.
ERROR: ld.so: object '/opt/apps/xalt/xalt/lib64/libxalt_init.so' from LD_PRELOAD cannot be preloaded (cannot open shared object file): ignored.
ERROR: ld.so: object '/opt/apps/xalt/xalt/lib64/libxalt_init.so' from LD_PRELOAD cannot be preloaded (cannot open shared object file): ignored.
perl: warning: Setting locale failed.
perl: warning: Please check that your locale settings:
	LANGUAGE = (unset),
	LC_ALL = (unset),
	LANG = "en_US.UTF-8"
    are supported and installed on your system.
perl: warning: Falling back to the standard locale ("C").
ERROR: ld.so: object '/opt/apps/xalt/xalt/lib64/libxalt_init.so' from LD_PRELOAD cannot be preloaded (cannot open shared object file): ignored.
ERROR: ld.so: object '/opt/apps/xalt/xalt/lib64/libxalt_init.so' from LD_PRELOAD cannot be preloaded (cannot open shared object file): ignored.
ERROR: ld.so: object '/opt/apps/xalt/xalt/lib64/libxalt_init.so' from LD_PRELOAD cannot be preloaded (cannot open shared object file): ignored.
Processing:.................................................................................................................................Done
ERROR: ld.so: object '/opt/apps/xalt/xalt/lib64/libxalt_init.so' from LD_PRELOAD cannot be preloaded (cannot open shared object file): ignored.
ERROR: ld.so: object '/opt/apps/xalt/xalt/lib64/libxalt_init.so' from LD_PRELOAD cannot be preloaded (cannot open shared object file): ignored.
ERROR: ld.so: object '/opt/apps/xalt/xalt/lib64/libxalt_init.so' from LD_PRELOAD cannot be preloaded (cannot open shared object file): ignored.
ERROR: ld.so: object '/opt/apps/xalt/xalt/lib64/libxalt_init.so' from LD_PRELOAD cannot be preloaded (cannot open shared object file): ignored.
ERROR: ld.so: object '/opt/apps/xalt/xalt/lib64/libxalt_init.so' from LD_PRELOAD cannot be preloaded (cannot open shared object file): ignored.
ERROR: ld.so: object '/opt/apps/xalt/xalt/lib64/libxalt_init.so' from LD_PRELOAD cannot be preloaded (cannot open shared object file): ignored.
ERROR: ld.so: object '/opt/apps/xalt/xalt/lib64/libxalt_init.so' from LD_PRELOAD cannot be preloaded (cannot open shared object file): ignored.
ERROR: ld.so: object '/opt/apps/xalt/xalt/lib64/libxalt_init.so' from LD_PRELOAD cannot be preloaded (cannot open shared object file): ignored.
ERROR: ld.so: object '/opt/apps/xalt/xalt/lib64/libxalt_init.so' from LD_PRELOAD cannot be preloaded (cannot open shared object file): ignored.
perl: warning: Setting locale failed.
perl: warning: Please check that your locale settings:
	LANGUAGE = (unset),
	LC_ALL = (unset),
	LANG = "en_US.UTF-8"
    are supported and installed on your system.
perl: warning: Falling back to the standard locale ("C").
ERROR: ld.so: object '/opt/apps/xalt/xalt/lib64/libxalt_init.so' from LD_PRELOAD cannot be preloaded (cannot open shared object file): ignored.
ERROR: ld.so: object '/opt/apps/xalt/xalt/lib64/libxalt_init.so' from LD_PRELOAD cannot be preloaded (cannot open shared object file): ignored.
ERROR: ld.so: object '/opt/apps/xalt/xalt/lib64/libxalt_init.so' from LD_PRELOAD cannot be preloaded (cannot open shared object file): ignored.
Processing:.................................................................................................................................Done
ERROR: ld.so: object '/opt/apps/xalt/xalt/lib64/libxalt_init.so' from LD_PRELOAD cannot be preloaded (cannot open shared object file): ignored.
ERROR: ld.so: object '/opt/apps/xalt/xalt/lib64/libxalt_init.so' from LD_PRELOAD cannot be preloaded (cannot open shared object file): ignored.
ERROR: ld.so: object '/opt/apps/xalt/xalt/lib64/libxalt_init.so' from LD_PRELOAD cannot be preloaded (cannot open shared object file): ignored.
ERROR: ld.so: object '/opt/apps/xalt/xalt/lib64/libxalt_init.so' from LD_PRELOAD cannot be preloaded (cannot open shared object file): ignored.
ERROR: ld.so: object '/opt/apps/xalt/xalt/lib64/libxalt_init.so' from LD_PRELOAD cannot be preloaded (cannot open shared object file): ignored.
ERROR: ld.so: object '/opt/apps/xalt/xalt/lib64/libxalt_init.so' from LD_PRELOAD cannot be preloaded (cannot open shared object file): ignored.
ERROR: ld.so: object '/opt/apps/xalt/xalt/lib64/libxalt_init.so' from LD_PRELOAD cannot be preloaded (cannot open shared object file): ignored.
ERROR: ld.so: object '/opt/apps/xalt/xalt/lib64/libxalt_init.so' from LD_PRELOAD cannot be preloaded (cannot open shared object file): ignored.
ERROR: ld.so: object '/opt/apps/xalt/xalt/lib64/libxalt_init.so' from LD_PRELOAD cannot be preloaded (cannot open shared object file): ignored.
perl: warning: Setting locale failed.
perl: warning: Please check that your locale settings:
	LANGUAGE = (unset),
	LC_ALL = (unset),
	LANG = "en_US.UTF-8"
    are supported and installed on your system.
perl: warning: Falling back to the standard locale ("C").
ERROR: ld.so: object '/opt/apps/xalt/xalt/lib64/libxalt_init.so' from LD_PRELOAD cannot be preloaded (cannot open shared object file): ignored.
ERROR: ld.so: object '/opt/apps/xalt/xalt/lib64/libxalt_init.so' from LD_PRELOAD cannot be preloaded (cannot open shared object file): ignored.
ERROR: ld.so: object '/opt/apps/xalt/xalt/lib64/libxalt_init.so' from LD_PRELOAD cannot be preloaded (cannot open shared object file): ignored.
Processing:.................................................................................................................................Done
ERROR: ld.so: object '/opt/apps/xalt/xalt/lib64/libxalt_init.so' from LD_PRELOAD cannot be preloaded (cannot open shared object file): ignored.
ERROR: ld.so: object '/opt/apps/xalt/xalt/lib64/libxalt_init.so' from LD_PRELOAD cannot be preloaded (cannot open shared object file): ignored.
ERROR: ld.so: object '/opt/apps/xalt/xalt/lib64/libxalt_init.so' from LD_PRELOAD cannot be preloaded (cannot open shared object file): ignored.
ERROR: ld.so: object '/opt/apps/xalt/xalt/lib64/libxalt_init.so' from LD_PRELOAD cannot be preloaded (cannot open shared object file): ignored.
ERROR: ld.so: object '/opt/apps/xalt/xalt/lib64/libxalt_init.so' from LD_PRELOAD cannot be preloaded (cannot open shared object file): ignored.
ERROR: ld.so: object '/opt/apps/xalt/xalt/lib64/libxalt_init.so' from LD_PRELOAD cannot be preloaded (cannot open shared object file): ignored.
ERROR: ld.so: object '/opt/apps/xalt/xalt/lib64/libxalt_init.so' from LD_PRELOAD cannot be preloaded (cannot open shared object file): ignored.
ERROR: ld.so: object '/opt/apps/xalt/xalt/lib64/libxalt_init.so' from LD_PRELOAD cannot be preloaded (cannot open shared object file): ignored.
ERROR: ld.so: object '/opt/apps/xalt/xalt/lib64/libxalt_init.so' from LD_PRELOAD cannot be preloaded (cannot open shared object file): ignored.
perl: warning: Setting locale failed.
perl: warning: Please check that your locale settings:
	LANGUAGE = (unset),
	LC_ALL = (unset),
	LANG = "en_US.UTF-8"
    are supported and installed on your system.
perl: warning: Falling back to the standard locale ("C").
ERROR: ld.so: object '/opt/apps/xalt/xalt/lib64/libxalt_init.so' from LD_PRELOAD cannot be preloaded (cannot open shared object file): ignored.
ERROR: ld.so: object '/opt/apps/xalt/xalt/lib64/libxalt_init.so' from LD_PRELOAD cannot be preloaded (cannot open shared object file): ignored.
ERROR: ld.so: object '/opt/apps/xalt/xalt/lib64/libxalt_init.so' from LD_PRELOAD cannot be preloaded (cannot open shared object file): ignored.
Processing:.................................................................................................................................Done
ERROR: ld.so: object '/opt/apps/xalt/xalt/lib64/libxalt_init.so' from LD_PRELOAD cannot be preloaded (cannot open shared object file): ignored.
ERROR: ld.so: object '/opt/apps/xalt/xalt/lib64/libxalt_init.so' from LD_PRELOAD cannot be preloaded (cannot open shared object file): ignored.
ERROR: ld.so: object '/opt/apps/xalt/xalt/lib64/libxalt_init.so' from LD_PRELOAD cannot be preloaded (cannot open shared object file): ignored.
ERROR: ld.so: object '/opt/apps/xalt/xalt/lib64/libxalt_init.so' from LD_PRELOAD cannot be preloaded (cannot open shared object file): ignored.
ERROR: ld.so: object '/opt/apps/xalt/xalt/lib64/libxalt_init.so' from LD_PRELOAD cannot be preloaded (cannot open shared object file): ignored.
ERROR: ld.so: object '/opt/apps/xalt/xalt/lib64/libxalt_init.so' from LD_PRELOAD cannot be preloaded (cannot open shared object file): ignored.
ERROR: ld.so: object '/opt/apps/xalt/xalt/lib64/libxalt_init.so' from LD_PRELOAD cannot be preloaded (cannot open shared object file): ignored.
ERROR: ld.so: object '/opt/apps/xalt/xalt/lib64/libxalt_init.so' from LD_PRELOAD cannot be preloaded (cannot open shared object file): ignored.
ERROR: ld.so: object '/opt/apps/xalt/xalt/lib64/libxalt_init.so' from LD_PRELOAD cannot be preloaded (cannot open shared object file): ignored.
perl: warning: Setting locale failed.
perl: warning: Please check that your locale settings:
	LANGUAGE = (unset),
	LC_ALL = (unset),
	LANG = "en_US.UTF-8"
    are supported and installed on your system.
perl: warning: Falling back to the standard locale ("C").
ERROR: ld.so: object '/opt/apps/xalt/xalt/lib64/libxalt_init.so' from LD_PRELOAD cannot be preloaded (cannot open shared object file): ignored.
ERROR: ld.so: object '/opt/apps/xalt/xalt/lib64/libxalt_init.so' from LD_PRELOAD cannot be preloaded (cannot open shared object file): ignored.
ERROR: ld.so: object '/opt/apps/xalt/xalt/lib64/libxalt_init.so' from LD_PRELOAD cannot be preloaded (cannot open shared object file): ignored.
Processing:.................................................................................................................................Done
ERROR: ld.so: object '/opt/apps/xalt/xalt/lib64/libxalt_init.so' from LD_PRELOAD cannot be preloaded (cannot open shared object file): ignored.
ERROR: ld.so: object '/opt/apps/xalt/xalt/lib64/libxalt_init.so' from LD_PRELOAD cannot be preloaded (cannot open shared object file): ignored.
ERROR: ld.so: object '/opt/apps/xalt/xalt/lib64/libxalt_init.so' from LD_PRELOAD cannot be preloaded (cannot open shared object file): ignored.
ERROR: ld.so: object '/opt/apps/xalt/xalt/lib64/libxalt_init.so' from LD_PRELOAD cannot be preloaded (cannot open shared object file): ignored.
ERROR: ld.so: object '/opt/apps/xalt/xalt/lib64/libxalt_init.so' from LD_PRELOAD cannot be preloaded (cannot open shared object file): ignored.
ERROR: ld.so: object '/opt/apps/xalt/xalt/lib64/libxalt_init.so' from LD_PRELOAD cannot be preloaded (cannot open shared object file): ignored.
ERROR: ld.so: object '/opt/apps/xalt/xalt/lib64/libxalt_init.so' from LD_PRELOAD cannot be preloaded (cannot open shared object file): ignored.
ERROR: ld.so: object '/opt/apps/xalt/xalt/lib64/libxalt_init.so' from LD_PRELOAD cannot be preloaded (cannot open shared object file): ignored.
ERROR: ld.so: object '/opt/apps/xalt/xalt/lib64/libxalt_init.so' from LD_PRELOAD cannot be preloaded (cannot open shared object file): ignored.
perl: warning: Setting locale failed.
perl: warning: Please check that your locale settings:
	LANGUAGE = (unset),
	LC_ALL = (unset),
	LANG = "en_US.UTF-8"
    are supported and installed on your system.
perl: warning: Falling back to the standard locale ("C").
ERROR: ld.so: object '/opt/apps/xalt/xalt/lib64/libxalt_init.so' from LD_PRELOAD cannot be preloaded (cannot open shared object file): ignored.
ERROR: ld.so: object '/opt/apps/xalt/xalt/lib64/libxalt_init.so' from LD_PRELOAD cannot be preloaded (cannot open shared object file): ignored.
ERROR: ld.so: object '/opt/apps/xalt/xalt/lib64/libxalt_init.so' from LD_PRELOAD cannot be preloaded (cannot open shared object file): ignored.
Processing:.................................................................................................................................Done
ERROR: ld.so: object '/opt/apps/xalt/xalt/lib64/libxalt_init.so' from LD_PRELOAD cannot be preloaded (cannot open shared object file): ignored.
ERROR: ld.so: object '/opt/apps/xalt/xalt/lib64/libxalt_init.so' from LD_PRELOAD cannot be preloaded (cannot open shared object file): ignored.
ERROR: ld.so: object '/opt/apps/xalt/xalt/lib64/libxalt_init.so' from LD_PRELOAD cannot be preloaded (cannot open shared object file): ignored.
ERROR: ld.so: object '/opt/apps/xalt/xalt/lib64/libxalt_init.so' from LD_PRELOAD cannot be preloaded (cannot open shared object file): ignored.
ERROR: ld.so: object '/opt/apps/xalt/xalt/lib64/libxalt_init.so' from LD_PRELOAD cannot be preloaded (cannot open shared object file): ignored.
ERROR: ld.so: object '/opt/apps/xalt/xalt/lib64/libxalt_init.so' from LD_PRELOAD cannot be preloaded (cannot open shared object file): ignored.
ERROR: ld.so: object '/opt/apps/xalt/xalt/lib64/libxalt_init.so' from LD_PRELOAD cannot be preloaded (cannot open shared object file): ignored.
ERROR: ld.so: object '/opt/apps/xalt/xalt/lib64/libxalt_init.so' from LD_PRELOAD cannot be preloaded (cannot open shared object file): ignored.
ERROR: ld.so: object '/opt/apps/xalt/xalt/lib64/libxalt_init.so' from LD_PRELOAD cannot be preloaded (cannot open shared object file): ignored.
perl: warning: Setting locale failed.
perl: warning: Please check that your locale settings:
	LANGUAGE = (unset),
	LC_ALL = (unset),
	LANG = "en_US.UTF-8"
    are supported and installed on your system.
perl: warning: Falling back to the standard locale ("C").
ERROR: ld.so: object '/opt/apps/xalt/xalt/lib64/libxalt_init.so' from LD_PRELOAD cannot be preloaded (cannot open shared object file): ignored.
ERROR: ld.so: object '/opt/apps/xalt/xalt/lib64/libxalt_init.so' from LD_PRELOAD cannot be preloaded (cannot open shared object file): ignored.
ERROR: ld.so: object '/opt/apps/xalt/xalt/lib64/libxalt_init.so' from LD_PRELOAD cannot be preloaded (cannot open shared object file): ignored.
Processing:.................................................................................................................................Done
ERROR: ld.so: object '/opt/apps/xalt/xalt/lib64/libxalt_init.so' from LD_PRELOAD cannot be preloaded (cannot open shared object file): ignored.
ERROR: ld.so: object '/opt/apps/xalt/xalt/lib64/libxalt_init.so' from LD_PRELOAD cannot be preloaded (cannot open shared object file): ignored.
ERROR: ld.so: object '/opt/apps/xalt/xalt/lib64/libxalt_init.so' from LD_PRELOAD cannot be preloaded (cannot open shared object file): ignored.
ERROR: ld.so: object '/opt/apps/xalt/xalt/lib64/libxalt_init.so' from LD_PRELOAD cannot be preloaded (cannot open shared object file): ignored.
ERROR: ld.so: object '/opt/apps/xalt/xalt/lib64/libxalt_init.so' from LD_PRELOAD cannot be preloaded (cannot open shared object file): ignored.
ERROR: ld.so: object '/opt/apps/xalt/xalt/lib64/libxalt_init.so' from LD_PRELOAD cannot be preloaded (cannot open shared object file): ignored.
ERROR: ld.so: object '/opt/apps/xalt/xalt/lib64/libxalt_init.so' from LD_PRELOAD cannot be preloaded (cannot open shared object file): ignored.
ERROR: ld.so: object '/opt/apps/xalt/xalt/lib64/libxalt_init.so' from LD_PRELOAD cannot be preloaded (cannot open shared object file): ignored.
ERROR: ld.so: object '/opt/apps/xalt/xalt/lib64/libxalt_init.so' from LD_PRELOAD cannot be preloaded (cannot open shared object file): ignored.
perl: warning: Setting locale failed.
perl: warning: Please check that your locale settings:
	LANGUAGE = (unset),
	LC_ALL = (unset),
	LANG = "en_US.UTF-8"
    are supported and installed on your system.
perl: warning: Falling back to the standard locale ("C").
ERROR: ld.so: object '/opt/apps/xalt/xalt/lib64/libxalt_init.so' from LD_PRELOAD cannot be preloaded (cannot open shared object file): ignored.
ERROR: ld.so: object '/opt/apps/xalt/xalt/lib64/libxalt_init.so' from LD_PRELOAD cannot be preloaded (cannot open shared object file): ignored.
ERROR: ld.so: object '/opt/apps/xalt/xalt/lib64/libxalt_init.so' from LD_PRELOAD cannot be preloaded (cannot open shared object file): ignored.
Processing:.................................................................................................................................Done
ERROR: ld.so: object '/opt/apps/xalt/xalt/lib64/libxalt_init.so' from LD_PRELOAD cannot be preloaded (cannot open shared object file): ignored.
ERROR: ld.so: object '/opt/apps/xalt/xalt/lib64/libxalt_init.so' from LD_PRELOAD cannot be preloaded (cannot open shared object file): ignored.
ERROR: ld.so: object '/opt/apps/xalt/xalt/lib64/libxalt_init.so' from LD_PRELOAD cannot be preloaded (cannot open shared object file): ignored.
ERROR: ld.so: object '/opt/apps/xalt/xalt/lib64/libxalt_init.so' from LD_PRELOAD cannot be preloaded (cannot open shared object file): ignored.
ERROR: ld.so: object '/opt/apps/xalt/xalt/lib64/libxalt_init.so' from LD_PRELOAD cannot be preloaded (cannot open shared object file): ignored.
ERROR: ld.so: object '/opt/apps/xalt/xalt/lib64/libxalt_init.so' from LD_PRELOAD cannot be preloaded (cannot open shared object file): ignored.
ERROR: ld.so: object '/opt/apps/xalt/xalt/lib64/libxalt_init.so' from LD_PRELOAD cannot be preloaded (cannot open shared object file): ignored.
ERROR: ld.so: object '/opt/apps/xalt/xalt/lib64/libxalt_init.so' from LD_PRELOAD cannot be preloaded (cannot open shared object file): ignored.
ERROR: ld.so: object '/opt/apps/xalt/xalt/lib64/libxalt_init.so' from LD_PRELOAD cannot be preloaded (cannot open shared object file): ignored.
perl: warning: Setting locale failed.
perl: warning: Please check that your locale settings:
	LANGUAGE = (unset),
	LC_ALL = (unset),
	LANG = "en_US.UTF-8"
    are supported and installed on your system.
perl: warning: Falling back to the standard locale ("C").
ERROR: ld.so: object '/opt/apps/xalt/xalt/lib64/libxalt_init.so' from LD_PRELOAD cannot be preloaded (cannot open shared object file): ignored.
ERROR: ld.so: object '/opt/apps/xalt/xalt/lib64/libxalt_init.so' from LD_PRELOAD cannot be preloaded (cannot open shared object file): ignored.
ERROR: ld.so: object '/opt/apps/xalt/xalt/lib64/libxalt_init.so' from LD_PRELOAD cannot be preloaded (cannot open shared object file): ignored.
Processing:.................................................................................................................................Done
ERROR: ld.so: object '/opt/apps/xalt/xalt/lib64/libxalt_init.so' from LD_PRELOAD cannot be preloaded (cannot open shared object file): ignored.
ERROR: ld.so: object '/opt/apps/xalt/xalt/lib64/libxalt_init.so' from LD_PRELOAD cannot be preloaded (cannot open shared object file): ignored.
ERROR: ld.so: object '/opt/apps/xalt/xalt/lib64/libxalt_init.so' from LD_PRELOAD cannot be preloaded (cannot open shared object file): ignored.
ERROR: ld.so: object '/opt/apps/xalt/xalt/lib64/libxalt_init.so' from LD_PRELOAD cannot be preloaded (cannot open shared object file): ignored.
ERROR: ld.so: object '/opt/apps/xalt/xalt/lib64/libxalt_init.so' from LD_PRELOAD cannot be preloaded (cannot open shared object file): ignored.
ERROR: ld.so: object '/opt/apps/xalt/xalt/lib64/libxalt_init.so' from LD_PRELOAD cannot be preloaded (cannot open shared object file): ignored.
ERROR: ld.so: object '/opt/apps/xalt/xalt/lib64/libxalt_init.so' from LD_PRELOAD cannot be preloaded (cannot open shared object file): ignored.
ERROR: ld.so: object '/opt/apps/xalt/xalt/lib64/libxalt_init.so' from LD_PRELOAD cannot be preloaded (cannot open shared object file): ignored.
ERROR: ld.so: object '/opt/apps/xalt/xalt/lib64/libxalt_init.so' from LD_PRELOAD cannot be preloaded (cannot open shared object file): ignored.
perl: warning: Setting locale failed.
perl: warning: Please check that your locale settings:
	LANGUAGE = (unset),
	LC_ALL = (unset),
	LANG = "en_US.UTF-8"
    are supported and installed on your system.
perl: warning: Falling back to the standard locale ("C").
ERROR: ld.so: object '/opt/apps/xalt/xalt/lib64/libxalt_init.so' from LD_PRELOAD cannot be preloaded (cannot open shared object file): ignored.
ERROR: ld.so: object '/opt/apps/xalt/xalt/lib64/libxalt_init.so' from LD_PRELOAD cannot be preloaded (cannot open shared object file): ignored.
ERROR: ld.so: object '/opt/apps/xalt/xalt/lib64/libxalt_init.so' from LD_PRELOAD cannot be preloaded (cannot open shared object file): ignored.
Processing:.................................................................................................................................Done
ERROR: ld.so: object '/opt/apps/xalt/xalt/lib64/libxalt_init.so' from LD_PRELOAD cannot be preloaded (cannot open shared object file): ignored.
ERROR: ld.so: object '/opt/apps/xalt/xalt/lib64/libxalt_init.so' from LD_PRELOAD cannot be preloaded (cannot open shared object file): ignored.
ERROR: ld.so: object '/opt/apps/xalt/xalt/lib64/libxalt_init.so' from LD_PRELOAD cannot be preloaded (cannot open shared object file): ignored.
ERROR: ld.so: object '/opt/apps/xalt/xalt/lib64/libxalt_init.so' from LD_PRELOAD cannot be preloaded (cannot open shared object file): ignored.
ERROR: ld.so: object '/opt/apps/xalt/xalt/lib64/libxalt_init.so' from LD_PRELOAD cannot be preloaded (cannot open shared object file): ignored.
ERROR: ld.so: object '/opt/apps/xalt/xalt/lib64/libxalt_init.so' from LD_PRELOAD cannot be preloaded (cannot open shared object file): ignored.
ERROR: ld.so: object '/opt/apps/xalt/xalt/lib64/libxalt_init.so' from LD_PRELOAD cannot be preloaded (cannot open shared object file): ignored.
ERROR: ld.so: object '/opt/apps/xalt/xalt/lib64/libxalt_init.so' from LD_PRELOAD cannot be preloaded (cannot open shared object file): ignored.
ERROR: ld.so: object '/opt/apps/xalt/xalt/lib64/libxalt_init.so' from LD_PRELOAD cannot be preloaded (cannot open shared object file): ignored.
Number of iterations: 25 
CV of field change: 0.000915691
ERROR: ld.so: object '/opt/apps/xalt/xalt/lib64/libxalt_init.so' from LD_PRELOAD cannot be preloaded (cannot open shared object file): ignored.
perl: warning: Setting locale failed.
perl: warning: Please check that your locale settings:
	LANGUAGE = (unset),
	LC_ALL = (unset),
	LANG = "en_US.UTF-8"
    are supported and installed on your system.
perl: warning: Falling back to the standard locale ("C").
ERROR: ld.so: object '/opt/apps/xalt/xalt/lib64/libxalt_init.so' from LD_PRELOAD cannot be preloaded (cannot open shared object file): ignored.
ERROR: ld.so: object '/opt/apps/xalt/xalt/lib64/libxalt_init.so' from LD_PRELOAD cannot be preloaded (cannot open shared object file): ignored.
ERROR: ld.so: object '/opt/apps/xalt/xalt/lib64/libxalt_init.so' from LD_PRELOAD cannot be preloaded (cannot open shared object file): ignored.
ERROR: ld.so: object '/opt/apps/xalt/xalt/lib64/libxalt_init.so' from LD_PRELOAD cannot be preloaded (cannot open shared object file): ignored.
ERROR: ld.so: object '/opt/apps/xalt/xalt/lib64/libxalt_init.so' from LD_PRELOAD cannot be preloaded (cannot open shared object file): ignored.
ERROR: ld.so: object '/opt/apps/xalt/xalt/lib64/libxalt_init.so' from LD_PRELOAD cannot be preloaded (cannot open shared object file): ignored.
ERROR: ld.so: object '/opt/apps/xalt/xalt/lib64/libxalt_init.so' from LD_PRELOAD cannot be preloaded (cannot open shared object file): ignored.
ERROR: ld.so: object '/opt/apps/xalt/xalt/lib64/libxalt_init.so' from LD_PRELOAD cannot be preloaded (cannot open shared object file): ignored.
ERROR: ld.so: object '/opt/apps/xalt/xalt/lib64/libxalt_init.so' from LD_PRELOAD cannot be preloaded (cannot open shared object file): ignored.
ERROR: ld.so: object '/opt/apps/xalt/xalt/lib64/libxalt_init.so' from LD_PRELOAD cannot be preloaded (cannot open shared object file): ignored.
ERROR: ld.so: object '/opt/apps/xalt/xalt/lib64/libxalt_init.so' from LD_PRELOAD cannot be preloaded (cannot open shared object file): ignored.
 
 
--------------------------------------------------------
Iteration 2 Fri Nov 25 19:29:50 CST 2022
nu_correct -clobber /tmp/sub-140989/work/tmp.mri_nu_correct.mni.158131/nu1.mnc /tmp/sub-140989/work/tmp.mri_nu_correct.mni.158131/nu2.mnc -tmpdir /tmp/sub-140989/work/tmp.mri_nu_correct.mni.158131/1/
ERROR: ld.so: object '/opt/apps/xalt/xalt/lib64/libxalt_init.so' from LD_PRELOAD cannot be preloaded (cannot open shared object file): ignored.
perl: warning: Setting locale failed.
perl: warning: Please check that your locale settings:
	LANGUAGE = (unset),
	LC_ALL = (unset),
	LANG = "en_US.UTF-8"
    are supported and installed on your system.
perl: warning: Falling back to the standard locale ("C").
ERROR: ld.so: object '/opt/apps/xalt/xalt/lib64/libxalt_init.so' from LD_PRELOAD cannot be preloaded (cannot open shared object file): ignored.
perl: warning: Setting locale failed.
perl: warning: Please check that your locale settings:
	LANGUAGE = (unset),
	LC_ALL = (unset),
	LANG = "en_US.UTF-8"
    are supported and installed on your system.
perl: warning: Falling back to the standard locale ("C").
[tg881334@c460-228.stampede2.tacc.utexas.edu:/work2/08834/tg881334/stampede2/ABCD_preproc/IMP_ABCD_preproc/] [2022-11-25 19:29:50] running:
  /opt/freesurfer-pkg/mni/current/bin/nu_estimate_np_and_em -parzen -log -sharpen 0.15 0.01 -iterations 50 -stop 0.001 -shrink 4 -auto_mask -nonotify -b_spline 1.0e-7 -distance 200 -quiet -execute -clobber -nokeeptmp -tmpdir /tmp/sub-140989/work/tmp.mri_nu_correct.mni.158131/1/ /tmp/sub-140989/work/tmp.mri_nu_correct.mni.158131/nu1.mnc /tmp/sub-140989/work/tmp.mri_nu_correct.mni.158131/nu2.imp

ERROR: ld.so: object '/opt/apps/xalt/xalt/lib64/libxalt_init.so' from LD_PRELOAD cannot be preloaded (cannot open shared object file): ignored.
ERROR: ld.so: object '/opt/apps/xalt/xalt/lib64/libxalt_init.so' from LD_PRELOAD cannot be preloaded (cannot open shared object file): ignored.
ERROR: ld.so: object '/opt/apps/xalt/xalt/lib64/libxalt_init.so' from LD_PRELOAD cannot be preloaded (cannot open shared object file): ignored.
ERROR: ld.so: object '/opt/apps/xalt/xalt/lib64/libxalt_init.so' from LD_PRELOAD cannot be preloaded (cannot open shared object file): ignored.
ERROR: ld.so: object '/opt/apps/xalt/xalt/lib64/libxalt_init.so' from LD_PRELOAD cannot be preloaded (cannot open shared object file): ignored.
ERROR: ld.so: object '/opt/apps/xalt/xalt/lib64/libxalt_init.so' from LD_PRELOAD cannot be preloaded (cannot open shared object file): ignored.
ERROR: ld.so: object '/opt/apps/xalt/xalt/lib64/libxalt_init.so' from LD_PRELOAD cannot be preloaded (cannot open shared object file): ignored.
ERROR: ld.so: object '/opt/apps/xalt/xalt/lib64/libxalt_init.so' from LD_PRELOAD cannot be preloaded (cannot open shared object file): ignored.
ERROR: ld.so: object '/opt/apps/xalt/xalt/lib64/libxalt_init.so' from LD_PRELOAD cannot be preloaded (cannot open shared object file): ignored.
ERROR: ld.so: object '/opt/apps/xalt/xalt/lib64/libxalt_init.so' from LD_PRELOAD cannot be preloaded (cannot open shared object file): ignored.
ERROR: ld.so: object '/opt/apps/xalt/xalt/lib64/libxalt_init.so' from LD_PRELOAD cannot be preloaded (cannot open shared object file): ignored.
ERROR: ld.so: object '/opt/apps/xalt/xalt/lib64/libxalt_init.so' from LD_PRELOAD cannot be preloaded (cannot open shared object file): ignored.
ERROR: ld.so: object '/opt/apps/xalt/xalt/lib64/libxalt_init.so' from LD_PRELOAD cannot be preloaded (cannot open shared object file): ignored.
ERROR: ld.so: object '/opt/apps/xalt/xalt/lib64/libxalt_init.so' from LD_PRELOAD cannot be preloaded (cannot open shared object file): ignored.
ERROR: ld.so: object '/opt/apps/xalt/xalt/lib64/libxalt_init.so' from LD_PRELOAD cannot be preloaded (cannot open shared object file): ignored.
ERROR: ld.so: object '/opt/apps/xalt/xalt/lib64/libxalt_init.so' from LD_PRELOAD cannot be preloaded (cannot open shared object file): ignored.
perl: warning: Setting locale failed.
perl: warning: Please check that your locale settings:
	LANGUAGE = (unset),
	LC_ALL = (unset),
	LANG = "en_US.UTF-8"
    are supported and installed on your system.
perl: warning: Falling back to the standard locale ("C").
ERROR: ld.so: object '/opt/apps/xalt/xalt/lib64/libxalt_init.so' from LD_PRELOAD cannot be preloaded (cannot open shared object file): ignored.
ERROR: ld.so: object '/opt/apps/xalt/xalt/lib64/libxalt_init.so' from LD_PRELOAD cannot be preloaded (cannot open shared object file): ignored.
ERROR: ld.so: object '/opt/apps/xalt/xalt/lib64/libxalt_init.so' from LD_PRELOAD cannot be preloaded (cannot open shared object file): ignored.
Processing:.................................................................................................................................Done
ERROR: ld.so: object '/opt/apps/xalt/xalt/lib64/libxalt_init.so' from LD_PRELOAD cannot be preloaded (cannot open shared object file): ignored.
ERROR: ld.so: object '/opt/apps/xalt/xalt/lib64/libxalt_init.so' from LD_PRELOAD cannot be preloaded (cannot open shared object file): ignored.
ERROR: ld.so: object '/opt/apps/xalt/xalt/lib64/libxalt_init.so' from LD_PRELOAD cannot be preloaded (cannot open shared object file): ignored.
ERROR: ld.so: object '/opt/apps/xalt/xalt/lib64/libxalt_init.so' from LD_PRELOAD cannot be preloaded (cannot open shared object file): ignored.
ERROR: ld.so: object '/opt/apps/xalt/xalt/lib64/libxalt_init.so' from LD_PRELOAD cannot be preloaded (cannot open shared object file): ignored.
ERROR: ld.so: object '/opt/apps/xalt/xalt/lib64/libxalt_init.so' from LD_PRELOAD cannot be preloaded (cannot open shared object file): ignored.
ERROR: ld.so: object '/opt/apps/xalt/xalt/lib64/libxalt_init.so' from LD_PRELOAD cannot be preloaded (cannot open shared object file): ignored.
ERROR: ld.so: object '/opt/apps/xalt/xalt/lib64/libxalt_init.so' from LD_PRELOAD cannot be preloaded (cannot open shared object file): ignored.
ERROR: ld.so: object '/opt/apps/xalt/xalt/lib64/libxalt_init.so' from LD_PRELOAD cannot be preloaded (cannot open shared object file): ignored.
perl: warning: Setting locale failed.
perl: warning: Please check that your locale settings:
	LANGUAGE = (unset),
	LC_ALL = (unset),
	LANG = "en_US.UTF-8"
    are supported and installed on your system.
perl: warning: Falling back to the standard locale ("C").
ERROR: ld.so: object '/opt/apps/xalt/xalt/lib64/libxalt_init.so' from LD_PRELOAD cannot be preloaded (cannot open shared object file): ignored.
ERROR: ld.so: object '/opt/apps/xalt/xalt/lib64/libxalt_init.so' from LD_PRELOAD cannot be preloaded (cannot open shared object file): ignored.
ERROR: ld.so: object '/opt/apps/xalt/xalt/lib64/libxalt_init.so' from LD_PRELOAD cannot be preloaded (cannot open shared object file): ignored.
Processing:.................................................................................................................................Done
ERROR: ld.so: object '/opt/apps/xalt/xalt/lib64/libxalt_init.so' from LD_PRELOAD cannot be preloaded (cannot open shared object file): ignored.
ERROR: ld.so: object '/opt/apps/xalt/xalt/lib64/libxalt_init.so' from LD_PRELOAD cannot be preloaded (cannot open shared object file): ignored.
ERROR: ld.so: object '/opt/apps/xalt/xalt/lib64/libxalt_init.so' from LD_PRELOAD cannot be preloaded (cannot open shared object file): ignored.
ERROR: ld.so: object '/opt/apps/xalt/xalt/lib64/libxalt_init.so' from LD_PRELOAD cannot be preloaded (cannot open shared object file): ignored.
ERROR: ld.so: object '/opt/apps/xalt/xalt/lib64/libxalt_init.so' from LD_PRELOAD cannot be preloaded (cannot open shared object file): ignored.
ERROR: ld.so: object '/opt/apps/xalt/xalt/lib64/libxalt_init.so' from LD_PRELOAD cannot be preloaded (cannot open shared object file): ignored.
ERROR: ld.so: object '/opt/apps/xalt/xalt/lib64/libxalt_init.so' from LD_PRELOAD cannot be preloaded (cannot open shared object file): ignored.
ERROR: ld.so: object '/opt/apps/xalt/xalt/lib64/libxalt_init.so' from LD_PRELOAD cannot be preloaded (cannot open shared object file): ignored.
ERROR: ld.so: object '/opt/apps/xalt/xalt/lib64/libxalt_init.so' from LD_PRELOAD cannot be preloaded (cannot open shared object file): ignored.
perl: warning: Setting locale failed.
perl: warning: Please check that your locale settings:
	LANGUAGE = (unset),
	LC_ALL = (unset),
	LANG = "en_US.UTF-8"
    are supported and installed on your system.
perl: warning: Falling back to the standard locale ("C").
ERROR: ld.so: object '/opt/apps/xalt/xalt/lib64/libxalt_init.so' from LD_PRELOAD cannot be preloaded (cannot open shared object file): ignored.
ERROR: ld.so: object '/opt/apps/xalt/xalt/lib64/libxalt_init.so' from LD_PRELOAD cannot be preloaded (cannot open shared object file): ignored.
ERROR: ld.so: object '/opt/apps/xalt/xalt/lib64/libxalt_init.so' from LD_PRELOAD cannot be preloaded (cannot open shared object file): ignored.
Processing:.................................................................................................................................Done
ERROR: ld.so: object '/opt/apps/xalt/xalt/lib64/libxalt_init.so' from LD_PRELOAD cannot be preloaded (cannot open shared object file): ignored.
ERROR: ld.so: object '/opt/apps/xalt/xalt/lib64/libxalt_init.so' from LD_PRELOAD cannot be preloaded (cannot open shared object file): ignored.
ERROR: ld.so: object '/opt/apps/xalt/xalt/lib64/libxalt_init.so' from LD_PRELOAD cannot be preloaded (cannot open shared object file): ignored.
ERROR: ld.so: object '/opt/apps/xalt/xalt/lib64/libxalt_init.so' from LD_PRELOAD cannot be preloaded (cannot open shared object file): ignored.
ERROR: ld.so: object '/opt/apps/xalt/xalt/lib64/libxalt_init.so' from LD_PRELOAD cannot be preloaded (cannot open shared object file): ignored.
ERROR: ld.so: object '/opt/apps/xalt/xalt/lib64/libxalt_init.so' from LD_PRELOAD cannot be preloaded (cannot open shared object file): ignored.
ERROR: ld.so: object '/opt/apps/xalt/xalt/lib64/libxalt_init.so' from LD_PRELOAD cannot be preloaded (cannot open shared object file): ignored.
ERROR: ld.so: object '/opt/apps/xalt/xalt/lib64/libxalt_init.so' from LD_PRELOAD cannot be preloaded (cannot open shared object file): ignored.
ERROR: ld.so: object '/opt/apps/xalt/xalt/lib64/libxalt_init.so' from LD_PRELOAD cannot be preloaded (cannot open shared object file): ignored.
perl: warning: Setting locale failed.
perl: warning: Please check that your locale settings:
	LANGUAGE = (unset),
	LC_ALL = (unset),
	LANG = "en_US.UTF-8"
    are supported and installed on your system.
perl: warning: Falling back to the standard locale ("C").
ERROR: ld.so: object '/opt/apps/xalt/xalt/lib64/libxalt_init.so' from LD_PRELOAD cannot be preloaded (cannot open shared object file): ignored.
ERROR: ld.so: object '/opt/apps/xalt/xalt/lib64/libxalt_init.so' from LD_PRELOAD cannot be preloaded (cannot open shared object file): ignored.
ERROR: ld.so: object '/opt/apps/xalt/xalt/lib64/libxalt_init.so' from LD_PRELOAD cannot be preloaded (cannot open shared object file): ignored.
Processing:.................................................................................................................................Done
ERROR: ld.so: object '/opt/apps/xalt/xalt/lib64/libxalt_init.so' from LD_PRELOAD cannot be preloaded (cannot open shared object file): ignored.
ERROR: ld.so: object '/opt/apps/xalt/xalt/lib64/libxalt_init.so' from LD_PRELOAD cannot be preloaded (cannot open shared object file): ignored.
ERROR: ld.so: object '/opt/apps/xalt/xalt/lib64/libxalt_init.so' from LD_PRELOAD cannot be preloaded (cannot open shared object file): ignored.
ERROR: ld.so: object '/opt/apps/xalt/xalt/lib64/libxalt_init.so' from LD_PRELOAD cannot be preloaded (cannot open shared object file): ignored.
ERROR: ld.so: object '/opt/apps/xalt/xalt/lib64/libxalt_init.so' from LD_PRELOAD cannot be preloaded (cannot open shared object file): ignored.
ERROR: ld.so: object '/opt/apps/xalt/xalt/lib64/libxalt_init.so' from LD_PRELOAD cannot be preloaded (cannot open shared object file): ignored.
ERROR: ld.so: object '/opt/apps/xalt/xalt/lib64/libxalt_init.so' from LD_PRELOAD cannot be preloaded (cannot open shared object file): ignored.
ERROR: ld.so: object '/opt/apps/xalt/xalt/lib64/libxalt_init.so' from LD_PRELOAD cannot be preloaded (cannot open shared object file): ignored.
ERROR: ld.so: object '/opt/apps/xalt/xalt/lib64/libxalt_init.so' from LD_PRELOAD cannot be preloaded (cannot open shared object file): ignored.
perl: warning: Setting locale failed.
perl: warning: Please check that your locale settings:
	LANGUAGE = (unset),
	LC_ALL = (unset),
	LANG = "en_US.UTF-8"
    are supported and installed on your system.
perl: warning: Falling back to the standard locale ("C").
ERROR: ld.so: object '/opt/apps/xalt/xalt/lib64/libxalt_init.so' from LD_PRELOAD cannot be preloaded (cannot open shared object file): ignored.
ERROR: ld.so: object '/opt/apps/xalt/xalt/lib64/libxalt_init.so' from LD_PRELOAD cannot be preloaded (cannot open shared object file): ignored.
ERROR: ld.so: object '/opt/apps/xalt/xalt/lib64/libxalt_init.so' from LD_PRELOAD cannot be preloaded (cannot open shared object file): ignored.
Processing:.................................................................................................................................Done
ERROR: ld.so: object '/opt/apps/xalt/xalt/lib64/libxalt_init.so' from LD_PRELOAD cannot be preloaded (cannot open shared object file): ignored.
ERROR: ld.so: object '/opt/apps/xalt/xalt/lib64/libxalt_init.so' from LD_PRELOAD cannot be preloaded (cannot open shared object file): ignored.
ERROR: ld.so: object '/opt/apps/xalt/xalt/lib64/libxalt_init.so' from LD_PRELOAD cannot be preloaded (cannot open shared object file): ignored.
ERROR: ld.so: object '/opt/apps/xalt/xalt/lib64/libxalt_init.so' from LD_PRELOAD cannot be preloaded (cannot open shared object file): ignored.
ERROR: ld.so: object '/opt/apps/xalt/xalt/lib64/libxalt_init.so' from LD_PRELOAD cannot be preloaded (cannot open shared object file): ignored.
ERROR: ld.so: object '/opt/apps/xalt/xalt/lib64/libxalt_init.so' from LD_PRELOAD cannot be preloaded (cannot open shared object file): ignored.
ERROR: ld.so: object '/opt/apps/xalt/xalt/lib64/libxalt_init.so' from LD_PRELOAD cannot be preloaded (cannot open shared object file): ignored.
ERROR: ld.so: object '/opt/apps/xalt/xalt/lib64/libxalt_init.so' from LD_PRELOAD cannot be preloaded (cannot open shared object file): ignored.
ERROR: ld.so: object '/opt/apps/xalt/xalt/lib64/libxalt_init.so' from LD_PRELOAD cannot be preloaded (cannot open shared object file): ignored.
perl: warning: Setting locale failed.
perl: warning: Please check that your locale settings:
	LANGUAGE = (unset),
	LC_ALL = (unset),
	LANG = "en_US.UTF-8"
    are supported and installed on your system.
perl: warning: Falling back to the standard locale ("C").
ERROR: ld.so: object '/opt/apps/xalt/xalt/lib64/libxalt_init.so' from LD_PRELOAD cannot be preloaded (cannot open shared object file): ignored.
ERROR: ld.so: object '/opt/apps/xalt/xalt/lib64/libxalt_init.so' from LD_PRELOAD cannot be preloaded (cannot open shared object file): ignored.
ERROR: ld.so: object '/opt/apps/xalt/xalt/lib64/libxalt_init.so' from LD_PRELOAD cannot be preloaded (cannot open shared object file): ignored.
Processing:.................................................................................................................................Done
ERROR: ld.so: object '/opt/apps/xalt/xalt/lib64/libxalt_init.so' from LD_PRELOAD cannot be preloaded (cannot open shared object file): ignored.
ERROR: ld.so: object '/opt/apps/xalt/xalt/lib64/libxalt_init.so' from LD_PRELOAD cannot be preloaded (cannot open shared object file): ignored.
ERROR: ld.so: object '/opt/apps/xalt/xalt/lib64/libxalt_init.so' from LD_PRELOAD cannot be preloaded (cannot open shared object file): ignored.
ERROR: ld.so: object '/opt/apps/xalt/xalt/lib64/libxalt_init.so' from LD_PRELOAD cannot be preloaded (cannot open shared object file): ignored.
ERROR: ld.so: object '/opt/apps/xalt/xalt/lib64/libxalt_init.so' from LD_PRELOAD cannot be preloaded (cannot open shared object file): ignored.
ERROR: ld.so: object '/opt/apps/xalt/xalt/lib64/libxalt_init.so' from LD_PRELOAD cannot be preloaded (cannot open shared object file): ignored.
ERROR: ld.so: object '/opt/apps/xalt/xalt/lib64/libxalt_init.so' from LD_PRELOAD cannot be preloaded (cannot open shared object file): ignored.
ERROR: ld.so: object '/opt/apps/xalt/xalt/lib64/libxalt_init.so' from LD_PRELOAD cannot be preloaded (cannot open shared object file): ignored.
ERROR: ld.so: object '/opt/apps/xalt/xalt/lib64/libxalt_init.so' from LD_PRELOAD cannot be preloaded (cannot open shared object file): ignored.
perl: warning: Setting locale failed.
perl: warning: Please check that your locale settings:
	LANGUAGE = (unset),
	LC_ALL = (unset),
	LANG = "en_US.UTF-8"
    are supported and installed on your system.
perl: warning: Falling back to the standard locale ("C").
ERROR: ld.so: object '/opt/apps/xalt/xalt/lib64/libxalt_init.so' from LD_PRELOAD cannot be preloaded (cannot open shared object file): ignored.
ERROR: ld.so: object '/opt/apps/xalt/xalt/lib64/libxalt_init.so' from LD_PRELOAD cannot be preloaded (cannot open shared object file): ignored.
ERROR: ld.so: object '/opt/apps/xalt/xalt/lib64/libxalt_init.so' from LD_PRELOAD cannot be preloaded (cannot open shared object file): ignored.
Processing:.................................................................................................................................Done
ERROR: ld.so: object '/opt/apps/xalt/xalt/lib64/libxalt_init.so' from LD_PRELOAD cannot be preloaded (cannot open shared object file): ignored.
ERROR: ld.so: object '/opt/apps/xalt/xalt/lib64/libxalt_init.so' from LD_PRELOAD cannot be preloaded (cannot open shared object file): ignored.
ERROR: ld.so: object '/opt/apps/xalt/xalt/lib64/libxalt_init.so' from LD_PRELOAD cannot be preloaded (cannot open shared object file): ignored.
ERROR: ld.so: object '/opt/apps/xalt/xalt/lib64/libxalt_init.so' from LD_PRELOAD cannot be preloaded (cannot open shared object file): ignored.
ERROR: ld.so: object '/opt/apps/xalt/xalt/lib64/libxalt_init.so' from LD_PRELOAD cannot be preloaded (cannot open shared object file): ignored.
ERROR: ld.so: object '/opt/apps/xalt/xalt/lib64/libxalt_init.so' from LD_PRELOAD cannot be preloaded (cannot open shared object file): ignored.
ERROR: ld.so: object '/opt/apps/xalt/xalt/lib64/libxalt_init.so' from LD_PRELOAD cannot be preloaded (cannot open shared object file): ignored.
ERROR: ld.so: object '/opt/apps/xalt/xalt/lib64/libxalt_init.so' from LD_PRELOAD cannot be preloaded (cannot open shared object file): ignored.
ERROR: ld.so: object '/opt/apps/xalt/xalt/lib64/libxalt_init.so' from LD_PRELOAD cannot be preloaded (cannot open shared object file): ignored.
perl: warning: Setting locale failed.
perl: warning: Please check that your locale settings:
	LANGUAGE = (unset),
	LC_ALL = (unset),
	LANG = "en_US.UTF-8"
    are supported and installed on your system.
perl: warning: Falling back to the standard locale ("C").
ERROR: ld.so: object '/opt/apps/xalt/xalt/lib64/libxalt_init.so' from LD_PRELOAD cannot be preloaded (cannot open shared object file): ignored.
ERROR: ld.so: object '/opt/apps/xalt/xalt/lib64/libxalt_init.so' from LD_PRELOAD cannot be preloaded (cannot open shared object file): ignored.
ERROR: ld.so: object '/opt/apps/xalt/xalt/lib64/libxalt_init.so' from LD_PRELOAD cannot be preloaded (cannot open shared object file): ignored.
Processing:.................................................................................................................................Done
ERROR: ld.so: object '/opt/apps/xalt/xalt/lib64/libxalt_init.so' from LD_PRELOAD cannot be preloaded (cannot open shared object file): ignored.
ERROR: ld.so: object '/opt/apps/xalt/xalt/lib64/libxalt_init.so' from LD_PRELOAD cannot be preloaded (cannot open shared object file): ignored.
ERROR: ld.so: object '/opt/apps/xalt/xalt/lib64/libxalt_init.so' from LD_PRELOAD cannot be preloaded (cannot open shared object file): ignored.
ERROR: ld.so: object '/opt/apps/xalt/xalt/lib64/libxalt_init.so' from LD_PRELOAD cannot be preloaded (cannot open shared object file): ignored.
ERROR: ld.so: object '/opt/apps/xalt/xalt/lib64/libxalt_init.so' from LD_PRELOAD cannot be preloaded (cannot open shared object file): ignored.
ERROR: ld.so: object '/opt/apps/xalt/xalt/lib64/libxalt_init.so' from LD_PRELOAD cannot be preloaded (cannot open shared object file): ignored.
ERROR: ld.so: object '/opt/apps/xalt/xalt/lib64/libxalt_init.so' from LD_PRELOAD cannot be preloaded (cannot open shared object file): ignored.
ERROR: ld.so: object '/opt/apps/xalt/xalt/lib64/libxalt_init.so' from LD_PRELOAD cannot be preloaded (cannot open shared object file): ignored.
ERROR: ld.so: object '/opt/apps/xalt/xalt/lib64/libxalt_init.so' from LD_PRELOAD cannot be preloaded (cannot open shared object file): ignored.
perl: warning: Setting locale failed.
perl: warning: Please check that your locale settings:
	LANGUAGE = (unset),
	LC_ALL = (unset),
	LANG = "en_US.UTF-8"
    are supported and installed on your system.
perl: warning: Falling back to the standard locale ("C").
ERROR: ld.so: object '/opt/apps/xalt/xalt/lib64/libxalt_init.so' from LD_PRELOAD cannot be preloaded (cannot open shared object file): ignored.
ERROR: ld.so: object '/opt/apps/xalt/xalt/lib64/libxalt_init.so' from LD_PRELOAD cannot be preloaded (cannot open shared object file): ignored.
ERROR: ld.so: object '/opt/apps/xalt/xalt/lib64/libxalt_init.so' from LD_PRELOAD cannot be preloaded (cannot open shared object file): ignored.
Processing:.................................................................................................................................Done
ERROR: ld.so: object '/opt/apps/xalt/xalt/lib64/libxalt_init.so' from LD_PRELOAD cannot be preloaded (cannot open shared object file): ignored.
ERROR: ld.so: object '/opt/apps/xalt/xalt/lib64/libxalt_init.so' from LD_PRELOAD cannot be preloaded (cannot open shared object file): ignored.
ERROR: ld.so: object '/opt/apps/xalt/xalt/lib64/libxalt_init.so' from LD_PRELOAD cannot be preloaded (cannot open shared object file): ignored.
ERROR: ld.so: object '/opt/apps/xalt/xalt/lib64/libxalt_init.so' from LD_PRELOAD cannot be preloaded (cannot open shared object file): ignored.
ERROR: ld.so: object '/opt/apps/xalt/xalt/lib64/libxalt_init.so' from LD_PRELOAD cannot be preloaded (cannot open shared object file): ignored.
ERROR: ld.so: object '/opt/apps/xalt/xalt/lib64/libxalt_init.so' from LD_PRELOAD cannot be preloaded (cannot open shared object file): ignored.
ERROR: ld.so: object '/opt/apps/xalt/xalt/lib64/libxalt_init.so' from LD_PRELOAD cannot be preloaded (cannot open shared object file): ignored.
ERROR: ld.so: object '/opt/apps/xalt/xalt/lib64/libxalt_init.so' from LD_PRELOAD cannot be preloaded (cannot open shared object file): ignored.
ERROR: ld.so: object '/opt/apps/xalt/xalt/lib64/libxalt_init.so' from LD_PRELOAD cannot be preloaded (cannot open shared object file): ignored.
Number of iterations: 9 
CV of field change: 0.00094661
ERROR: ld.so: object '/opt/apps/xalt/xalt/lib64/libxalt_init.so' from LD_PRELOAD cannot be preloaded (cannot open shared object file): ignored.
perl: warning: Setting locale failed.
perl: warning: Please check that your locale settings:
	LANGUAGE = (unset),
	LC_ALL = (unset),
	LANG = "en_US.UTF-8"
    are supported and installed on your system.
perl: warning: Falling back to the standard locale ("C").
ERROR: ld.so: object '/opt/apps/xalt/xalt/lib64/libxalt_init.so' from LD_PRELOAD cannot be preloaded (cannot open shared object file): ignored.
ERROR: ld.so: object '/opt/apps/xalt/xalt/lib64/libxalt_init.so' from LD_PRELOAD cannot be preloaded (cannot open shared object file): ignored.
ERROR: ld.so: object '/opt/apps/xalt/xalt/lib64/libxalt_init.so' from LD_PRELOAD cannot be preloaded (cannot open shared object file): ignored.
ERROR: ld.so: object '/opt/apps/xalt/xalt/lib64/libxalt_init.so' from LD_PRELOAD cannot be preloaded (cannot open shared object file): ignored.
ERROR: ld.so: object '/opt/apps/xalt/xalt/lib64/libxalt_init.so' from LD_PRELOAD cannot be preloaded (cannot open shared object file): ignored.
ERROR: ld.so: object '/opt/apps/xalt/xalt/lib64/libxalt_init.so' from LD_PRELOAD cannot be preloaded (cannot open shared object file): ignored.
ERROR: ld.so: object '/opt/apps/xalt/xalt/lib64/libxalt_init.so' from LD_PRELOAD cannot be preloaded (cannot open shared object file): ignored.
ERROR: ld.so: object '/opt/apps/xalt/xalt/lib64/libxalt_init.so' from LD_PRELOAD cannot be preloaded (cannot open shared object file): ignored.
ERROR: ld.so: object '/opt/apps/xalt/xalt/lib64/libxalt_init.so' from LD_PRELOAD cannot be preloaded (cannot open shared object file): ignored.
ERROR: ld.so: object '/opt/apps/xalt/xalt/lib64/libxalt_init.so' from LD_PRELOAD cannot be preloaded (cannot open shared object file): ignored.
ERROR: ld.so: object '/opt/apps/xalt/xalt/lib64/libxalt_init.so' from LD_PRELOAD cannot be preloaded (cannot open shared object file): ignored.
 
 
 
mri_binarize --i /tmp/sub-140989/work/tmp.mri_nu_correct.mni.158131/nu2.mnc --min -1 --o /tmp/sub-140989/work/tmp.mri_nu_correct.mni.158131/ones.mgz

-local
cwd /work2/08834/tg881334/stampede2/ABCD_preproc/IMP_ABCD_preproc
cmdline mri_binarize --i /tmp/sub-140989/work/tmp.mri_nu_correct.mni.158131/nu2.mnc --min -1 --o /tmp/sub-140989/work/tmp.mri_nu_correct.mni.158131/ones.mgz 
sysname  Linux
hostname c460-228.stampede2.tacc.utexas.edu
machine  x86_64
user     tg881334

input      /tmp/sub-140989/work/tmp.mri_nu_correct.mni.158131/nu2.mnc
frame      0
nErode3d   0
nErode2d   0
output     /tmp/sub-140989/work/tmp.mri_nu_correct.mni.158131/ones.mgz
Binarizing based on threshold
min        -1
max        +infinity
binval        1
binvalnot     0
fstart = 0, fend = 0, nframes = 1
Starting parallel 1
Found 32646004 values in range
Counting number of voxels in first frame
Found 32646003 voxels in final mask
Writing output to /tmp/sub-140989/work/tmp.mri_nu_correct.mni.158131/ones.mgz
Count: 32646003 6027825.783094 33030144 98.836999
mri_binarize done
mri_segstats --id 1 --seg /tmp/sub-140989/work/tmp.mri_nu_correct.mni.158131/ones.mgz --i /tmp/data/sub-140989/mprage.nii.gz --sum /tmp/sub-140989/work/tmp.mri_nu_correct.mni.158131/sum.junk --avgwf /tmp/sub-140989/work/tmp.mri_nu_correct.mni.158131/input.mean.dat

-local
cwd 
cmdline mri_segstats --id 1 --seg /tmp/sub-140989/work/tmp.mri_nu_correct.mni.158131/ones.mgz --i /tmp/data/sub-140989/mprage.nii.gz --sum /tmp/sub-140989/work/tmp.mri_nu_correct.mni.158131/sum.junk --avgwf /tmp/sub-140989/work/tmp.mri_nu_correct.mni.158131/input.mean.dat 
sysname  Linux
hostname c460-228.stampede2.tacc.utexas.edu
machine  x86_64
user     tg881334
whitesurfname  white
UseRobust  0
Loading /tmp/sub-140989/work/tmp.mri_nu_correct.mni.158131/ones.mgz
Loading /tmp/data/sub-140989/mprage.nii.gz
Voxel Volume is 0.184642 mm^3
Generating list of segmentation ids
Found   1 segmentations
Computing statistics for each segmentation

Reporting on   1 segmentations
Using PrintSegStat
Computing spatial average of each frame
  0
Writing to /tmp/sub-140989/work/tmp.mri_nu_correct.mni.158131/input.mean.dat
mri_segstats done
mri_segstats --id 1 --seg /tmp/sub-140989/work/tmp.mri_nu_correct.mni.158131/ones.mgz --i /tmp/sub-140989/work/tmp.mri_nu_correct.mni.158131/nu2.mnc --sum /tmp/sub-140989/work/tmp.mri_nu_correct.mni.158131/sum.junk --avgwf /tmp/sub-140989/work/tmp.mri_nu_correct.mni.158131/output.mean.dat

-local
cwd 
cmdline mri_segstats --id 1 --seg /tmp/sub-140989/work/tmp.mri_nu_correct.mni.158131/ones.mgz --i /tmp/sub-140989/work/tmp.mri_nu_correct.mni.158131/nu2.mnc --sum /tmp/sub-140989/work/tmp.mri_nu_correct.mni.158131/sum.junk --avgwf /tmp/sub-140989/work/tmp.mri_nu_correct.mni.158131/output.mean.dat 
sysname  Linux
hostname c460-228.stampede2.tacc.utexas.edu
machine  x86_64
user     tg881334
whitesurfname  white
UseRobust  0
Loading /tmp/sub-140989/work/tmp.mri_nu_correct.mni.158131/ones.mgz
Loading /tmp/sub-140989/work/tmp.mri_nu_correct.mni.158131/nu2.mnc
Voxel Volume is 0.184642 mm^3
Generating list of segmentation ids
Found   1 segmentations
Computing statistics for each segmentation

Reporting on   1 segmentations
Using PrintSegStat
Computing spatial average of each frame
  0
Writing to /tmp/sub-140989/work/tmp.mri_nu_correct.mni.158131/output.mean.dat
mri_segstats done
mris_calc -o /tmp/sub-140989/work/tmp.mri_nu_correct.mni.158131/nu2.mnc /tmp/sub-140989/work/tmp.mri_nu_correct.mni.158131/nu2.mnc mul 1.00947538757569728450
mri_convert /tmp/sub-140989/work/tmp.mri_nu_correct.mni.158131/nu2.mnc /tmp/sub-140989/work/mprage.nu.nii.gz --like /tmp/data/sub-140989/mprage.nii.gz --conform
ERROR: ld.so: object '/opt/apps/xalt/xalt/lib64/libxalt_init.so' from LD_PRELOAD cannot be preloaded (cannot open shared object file): ignored.
setting env variable FS_dcmGetDWIParamsSiemens_VoxelSpace=1
mri_convert /tmp/sub-140989/work/tmp.mri_nu_correct.mni.158131/nu2.mnc /tmp/sub-140989/work/mprage.nu.nii.gz --like /tmp/data/sub-140989/mprage.nii.gz --conform 
reading from /tmp/sub-140989/work/tmp.mri_nu_correct.mni.158131/nu2.mnc...
TR=0.00, TE=0.00, TI=0.00, flip angle=0.00
i_ras = (0.990869, 0.118075, 0.0650956)
j_ras = (-0.117801, 0.993005, -0.0079958)
k_ras = (-0.0655843, 0.000254463, 0.997847)
INFO: transform src into the like-volume: /tmp/data/sub-140989/mprage.nii.gz
changing data type from float to uchar (noscale = 0)...
MRIchangeType: Building histogram -38.7012 11622.8 1000, flo=0, fhi=0.999, dest_type=0
writing to /tmp/sub-140989/work/mprage.nu.nii.gz...
 
 
Fri Nov 25 19:31:05 CST 2022
mri_nu_correct.mni done
